[ 2015-11-12T00:10:49+08:00 ] 66.249.79.166 /t114/index.php?s=/Hom1un2/Article/detail/id/3.html
INFO: [ app_init ] --START--
INFO: Run Behavior\BuildLiteBehavior [ RunTime:0.000023s ]
INFO: Run Common\Behavior\InitHookBehavior [ RunTime:0.002320s ]
INFO: [ app_init ] --END-- [ RunTime:0.002760s ]
INFO: [ app_begin ] --START--
INFO: Run Behavior\ReadHtmlCacheBehavior [ RunTime:0.008833s ]
INFO: [ app_begin ] --END-- [ RunTime:0.008915s ]
SQL: SHOW COLUMNS FROM `o1t1_config` [ RunTime:0.0029s ]
SQL: SELECT `type`,`name`,`value` FROM `o1t1_config` WHERE `status` = 1  [ RunTime:0.0003s ]
SQL: SHOW COLUMNS FROM `o1t1_doc0s1` [ RunTime:0.0109s ]
SQL: SELECT `id`,`id0a0`,`uid`,`name`,`title`,`category_id`,`group_id`,`description`,`root`,`pid`,`model_id`,`type`,`position`,`link_id`,`cover_id`,`display`,`deadline`,`attach`,`view`,`comment`,`extend`,`level`,`create_time`,`update_time`,`status`,`id_a0`,`F1`,`F2`,`F3`,`f4`,`F5`,`F6`,`F7`,`F8`,`F9`,`学校介绍`,`F11`,`F12`,`F13`,`F14`,`F15`,`F16`,`热门专业`,`学校设施`,`F19`,`生活信息`,`F21`,`F22`,`留学费用`,`F24`,`F25`,`F26`,`F27`,`F28`,`F29`,`F30`,`F31`,`F32` FROM `o1t1_doc0s1` WHERE `id` = 3 LIMIT 1   [ RunTime:0.0006s ]
SQL: SHOW COLUMNS FROM `o1t1_document_article` [ RunTime:0.0111s ]
SQL: SELECT `id01`,`parse`,`content`,`template`,`bookmark`,`id`,`id0a0`,`uid`,`name`,`title`,`category_id`,`group_id`,`description`,`root`,`pid`,`model_id`,`type`,`position`,`link_id`,`cover_id`,`display`,`deadline`,`attach`,`view`,`comment`,`extend`,`level`,`create_time`,`update_time`,`status`,`id_a0`,`F1`,`F2`,`F3`,`f4`,`F5`,`F6`,`F7`,`F8`,`F9`,`学校介绍`,`F11`,`F12`,`F13`,`F14`,`F15`,`F16`,`热门专业`,`学校设施`,`F19`,`生活信息`,`F21`,`F22`,`留学费用`,`F24`,`F25`,`F26`,`F27`,`F28`,`F29`,`F30`,`F31`,`F32` FROM `o1t1_document_article` WHERE `id` = 3 LIMIT 1   [ RunTime:0.0005s ]
SQL: SHOW COLUMNS FROM `o1t1_cat0s1` [ RunTime:0.0024s ]
SQL: SELECT `id`,`name`,`title`,`pid`,`sort`,`list_row`,`meta_title`,`keywords`,`description`,`template_index`,`template_lists`,`template_detail`,`template_edit`,`model`,`model_sub`,`type`,`link_id`,`allow_publish`,`display`,`reply`,`check`,`reply_model`,`extend`,`create_time`,`update_time`,`status`,`icon`,`groups` FROM `o1t1_cat0s1` WHERE `id` = 10 LIMIT 1   [ RunTime:0.0004s ]
SQL: UPDATE `o1t1_doc0s1` SET `view`=view+1 WHERE `id` = 3 [ RunTime:0.0003s ]
INFO: [ view_parse ] --START--
INFO: [ template_filter ] --START--
INFO: Run Behavior\ContentReplaceBehavior [ RunTime:0.000117s ]
INFO: [ template_filter ] --END-- [ RunTime:0.000202s ]
SQL: SHOW COLUMNS FROM `o1t1_channel` [ RunTime:0.0021s ]
SQL: SELECT `id`,`pid`,`title`,`url`,`sort`,`create_time`,`update_time`,`status`,`target` FROM `o1t1_channel` WHERE ( status=1 ) ORDER BY sort  [ RunTime:0.0084s ]
SQL: SELECT `id`,`id0a0`,`uid`,`name`,`title`,`category_id`,`group_id`,`description`,`root`,`pid`,`model_id`,`type`,`position`,`link_id`,`cover_id`,`display`,`deadline`,`attach`,`view`,`comment`,`extend`,`level`,`create_time`,`update_time`,`status`,`id_a0`,`F1`,`F2`,`F3`,`f4`,`F5`,`F6`,`F7`,`F8`,`F9`,`学校介绍`,`F11`,`F12`,`F13`,`F14`,`F15`,`F16`,`热门专业`,`学校设施`,`F19`,`生活信息`,`F21`,`F22`,`留学费用`,`F24`,`F25`,`F26`,`F27`,`F28`,`F29`,`F30`,`F31`,`F32` FROM `o1t1_doc0s1` WHERE `id` < '3' AND `pid` = 0 AND `category_id` = 10 AND `status` = 1 AND `create_time` < 1447258248 AND ( deadline = 0 OR deadline > 1447258248 ) ORDER BY id DESC LIMIT 1   [ RunTime:0.0005s ]
SQL: SELECT `id`,`id0a0`,`uid`,`name`,`title`,`category_id`,`group_id`,`description`,`root`,`pid`,`model_id`,`type`,`position`,`link_id`,`cover_id`,`display`,`deadline`,`attach`,`view`,`comment`,`extend`,`level`,`create_time`,`update_time`,`status`,`id_a0`,`F1`,`F2`,`F3`,`f4`,`F5`,`F6`,`F7`,`F8`,`F9`,`学校介绍`,`F11`,`F12`,`F13`,`F14`,`F15`,`F16`,`热门专业`,`学校设施`,`F19`,`生活信息`,`F21`,`F22`,`留学费用`,`F24`,`F25`,`F26`,`F27`,`F28`,`F29`,`F30`,`F31`,`F32` FROM `o1t1_doc0s1` WHERE `id` > '3' AND `pid` = 0 AND `category_id` = 10 AND `status` = 1 AND `create_time` < 1447258248 AND ( deadline = 0 OR deadline > 1447258248 ) ORDER BY id LIMIT 1   [ RunTime:0.0004s ]
SQL: SELECT `pid` FROM `o1t1_cat0s1` WHERE `id` = 10 LIMIT 1   [ RunTime:0.0002s ]
SQL: SELECT `id`,`name`,`pid`,`title`,`link_id` FROM `o1t1_cat0s1` WHERE `pid` = 1 AND `status` = 1 ORDER BY sort  [ RunTime:0.0003s ]
INFO: [ view_parse ] --START--
INFO: [ template_filter ] --START--
INFO: Run Behavior\ContentReplaceBehavior [ RunTime:0.000057s ]
INFO: [ template_filter ] --END-- [ RunTime:-0.020838s ]
INFO: Run Behavior\ParseTemplateBehavior [ RunTime:0.003738s ]
INFO: [ view_parse ] --END-- [ RunTime:0.003819s ]
INFO: [ view_filter ] --START--
INFO: Run Behavior\WriteHtmlCacheBehavior [ RunTime:0.000452s ]
INFO: [ view_filter ] --END-- [ RunTime:0.000527s ]
INFO: [ documentDetailAfter ] --START--
SQL: SHOW COLUMNS FROM `o1t1_attachment` [ RunTime:0.0021s ]
SQL: SELECT `id`,`uid`,`title`,`type`,`source`,`record_id`,`download`,`size`,`dir`,`sort`,`create_time`,`update_time`,`status` FROM `o1t1_attachment` WHERE `record_id` = 3 AND `status` = 1  [ RunTime:0.0002s ]
INFO: Run Addons\Attachment\AttachmentAddon [ RunTime:0.017620s ]
SQL: SHOW COLUMNS FROM `o1t1_addons` [ RunTime:0.0020s ]
SQL: SELECT `config` FROM `o1t1_addons` WHERE `name` = 'SocialComment' AND `status` = 1 LIMIT 1   [ RunTime:0.0002s ]
INFO: [ view_parse ] --START--
INFO: [ template_filter ] --START--
INFO: Run Behavior\ContentReplaceBehavior [ RunTime:0.000061s ]
INFO: [ template_filter ] --END-- [ RunTime:-0.054135s ]
INFO: Run Behavior\ParseTemplateBehavior [ RunTime:0.010790s ]
INFO: [ view_parse ] --END-- [ RunTime:-0.022095s ]
INFO: [ view_filter ] --START--
INFO: Run Behavior\WriteHtmlCacheBehavior [ RunTime:0.000020s ]
INFO: [ view_filter ] --END-- [ RunTime:-0.032428s ]
INFO: Run Addons\SocialComment\SocialCommentAddon [ RunTime:0.014771s ]
INFO: [ documentDetailAfter ] --END-- [ RunTime:0.032497s ]
INFO: Run Behavior\ParseTemplateBehavior [ RunTime:0.011082s ]
INFO: [ view_parse ] --END-- [ RunTime:-0.022095s ]
INFO: [ view_filter ] --START--
INFO: Run Behavior\WriteHtmlCacheBehavior [ RunTime:0.000019s ]
INFO: [ view_filter ] --END-- [ RunTime:-0.032711s ]
INFO: [ app_end ] --START--
INFO: Run Behavior\ShowPageTraceBehavior [ RunTime:0.000719s ]
INFO: [ app_end ] --END-- [ RunTime:0.000792s ]

[ 2015-11-12T00:59:53+08:00 ] 66.249.79.159 /t114/index.php?s=/Hom1un2/Article/detail/id/1.html
INFO: [ app_init ] --START--
INFO: Run Behavior\BuildLiteBehavior [ RunTime:0.000029s ]
INFO: Run Common\Behavior\InitHookBehavior [ RunTime:0.002653s ]
INFO: [ app_init ] --END-- [ RunTime:0.011441s ]
INFO: [ app_begin ] --START--
INFO: Run Behavior\ReadHtmlCacheBehavior [ RunTime:0.000755s ]
INFO: [ app_begin ] --END-- [ RunTime:0.000837s ]
SQL: SHOW COLUMNS FROM `o1t1_config` [ RunTime:0.0024s ]
SQL: SELECT `type`,`name`,`value` FROM `o1t1_config` WHERE `status` = 1  [ RunTime:0.0003s ]
SQL: SHOW COLUMNS FROM `o1t1_doc0s1` [ RunTime:0.0027s ]
SQL: SELECT `id`,`id0a0`,`uid`,`name`,`title`,`category_id`,`group_id`,`description`,`root`,`pid`,`model_id`,`type`,`position`,`link_id`,`cover_id`,`display`,`deadline`,`attach`,`view`,`comment`,`extend`,`level`,`create_time`,`update_time`,`status`,`id_a0`,`F1`,`F2`,`F3`,`f4`,`F5`,`F6`,`F7`,`F8`,`F9`,`学校介绍`,`F11`,`F12`,`F13`,`F14`,`F15`,`F16`,`热门专业`,`学校设施`,`F19`,`生活信息`,`F21`,`F22`,`留学费用`,`F24`,`F25`,`F26`,`F27`,`F28`,`F29`,`F30`,`F31`,`F32` FROM `o1t1_doc0s1` WHERE `id` = 1 LIMIT 1   [ RunTime:0.0005s ]
SQL: SHOW COLUMNS FROM `o1t1_document_article` [ RunTime:0.0073s ]
SQL: SELECT `id01`,`parse`,`content`,`template`,`bookmark`,`id`,`id0a0`,`uid`,`name`,`title`,`category_id`,`group_id`,`description`,`root`,`pid`,`model_id`,`type`,`position`,`link_id`,`cover_id`,`display`,`deadline`,`attach`,`view`,`comment`,`extend`,`level`,`create_time`,`update_time`,`status`,`id_a0`,`F1`,`F2`,`F3`,`f4`,`F5`,`F6`,`F7`,`F8`,`F9`,`学校介绍`,`F11`,`F12`,`F13`,`F14`,`F15`,`F16`,`热门专业`,`学校设施`,`F19`,`生活信息`,`F21`,`F22`,`留学费用`,`F24`,`F25`,`F26`,`F27`,`F28`,`F29`,`F30`,`F31`,`F32` FROM `o1t1_document_article` WHERE `id` = 1 LIMIT 1   [ RunTime:0.0005s ]
SQL: SHOW COLUMNS FROM `o1t1_cat0s1` [ RunTime:0.0022s ]
SQL: SELECT `id`,`name`,`title`,`pid`,`sort`,`list_row`,`meta_title`,`keywords`,`description`,`template_index`,`template_lists`,`template_detail`,`template_edit`,`model`,`model_sub`,`type`,`link_id`,`allow_publish`,`display`,`reply`,`check`,`reply_model`,`extend`,`create_time`,`update_time`,`status`,`icon`,`groups` FROM `o1t1_cat0s1` WHERE `id` = 10 LIMIT 1   [ RunTime:0.0003s ]
SQL: UPDATE `o1t1_doc0s1` SET `view`=view+1 WHERE `id` = 1 [ RunTime:0.0085s ]
INFO: [ view_parse ] --START--
INFO: [ template_filter ] --START--
INFO: Run Behavior\ContentReplaceBehavior [ RunTime:0.000127s ]
INFO: [ template_filter ] --END-- [ RunTime:0.000219s ]
SQL: SHOW COLUMNS FROM `o1t1_channel` [ RunTime:0.0106s ]
SQL: SELECT `id`,`pid`,`title`,`url`,`sort`,`create_time`,`update_time`,`status`,`target` FROM `o1t1_channel` WHERE ( status=1 ) ORDER BY sort  [ RunTime:0.0003s ]
SQL: SELECT `id`,`id0a0`,`uid`,`name`,`title`,`category_id`,`group_id`,`description`,`root`,`pid`,`model_id`,`type`,`position`,`link_id`,`cover_id`,`display`,`deadline`,`attach`,`view`,`comment`,`extend`,`level`,`create_time`,`update_time`,`status`,`id_a0`,`F1`,`F2`,`F3`,`f4`,`F5`,`F6`,`F7`,`F8`,`F9`,`学校介绍`,`F11`,`F12`,`F13`,`F14`,`F15`,`F16`,`热门专业`,`学校设施`,`F19`,`生活信息`,`F21`,`F22`,`留学费用`,`F24`,`F25`,`F26`,`F27`,`F28`,`F29`,`F30`,`F31`,`F32` FROM `o1t1_doc0s1` WHERE `id` < '1' AND `pid` = 0 AND `category_id` = 10 AND `status` = 1 AND `create_time` < 1447261193 AND ( deadline = 0 OR deadline > 1447261193 ) ORDER BY id DESC LIMIT 1   [ RunTime:0.0004s ]
SQL: SELECT `id`,`id0a0`,`uid`,`name`,`title`,`category_id`,`group_id`,`description`,`root`,`pid`,`model_id`,`type`,`position`,`link_id`,`cover_id`,`display`,`deadline`,`attach`,`view`,`comment`,`extend`,`level`,`create_time`,`update_time`,`status`,`id_a0`,`F1`,`F2`,`F3`,`f4`,`F5`,`F6`,`F7`,`F8`,`F9`,`学校介绍`,`F11`,`F12`,`F13`,`F14`,`F15`,`F16`,`热门专业`,`学校设施`,`F19`,`生活信息`,`F21`,`F22`,`留学费用`,`F24`,`F25`,`F26`,`F27`,`F28`,`F29`,`F30`,`F31`,`F32` FROM `o1t1_doc0s1` WHERE `id` > '1' AND `pid` = 0 AND `category_id` = 10 AND `status` = 1 AND `create_time` < 1447261193 AND ( deadline = 0 OR deadline > 1447261193 ) ORDER BY id LIMIT 1   [ RunTime:0.0005s ]
SQL: SELECT `pid` FROM `o1t1_cat0s1` WHERE `id` = 10 LIMIT 1   [ RunTime:0.0002s ]
SQL: SELECT `id`,`name`,`pid`,`title`,`link_id` FROM `o1t1_cat0s1` WHERE `pid` = 1 AND `status` = 1 ORDER BY sort  [ RunTime:0.0003s ]
INFO: [ view_parse ] --START--
INFO: [ template_filter ] --START--
INFO: Run Behavior\ContentReplaceBehavior [ RunTime:0.000062s ]
INFO: [ template_filter ] --END-- [ RunTime:-0.028410s ]
INFO: Run Behavior\ParseTemplateBehavior [ RunTime:0.012027s ]
INFO: [ view_parse ] --END-- [ RunTime:0.012112s ]
INFO: [ view_filter ] --START--
INFO: Run Behavior\WriteHtmlCacheBehavior [ RunTime:0.000461s ]
INFO: [ view_filter ] --END-- [ RunTime:0.000535s ]
INFO: [ documentDetailAfter ] --START--
SQL: SHOW COLUMNS FROM `o1t1_attachment` [ RunTime:0.0021s ]
SQL: SELECT `id`,`uid`,`title`,`type`,`source`,`record_id`,`download`,`size`,`dir`,`sort`,`create_time`,`update_time`,`status` FROM `o1t1_attachment` WHERE `record_id` = 1 AND `status` = 1  [ RunTime:0.0003s ]
INFO: Run Addons\Attachment\AttachmentAddon [ RunTime:0.013384s ]
SQL: SHOW COLUMNS FROM `o1t1_addons` [ RunTime:0.0020s ]
SQL: SELECT `config` FROM `o1t1_addons` WHERE `name` = 'SocialComment' AND `status` = 1 LIMIT 1   [ RunTime:0.0002s ]
INFO: [ view_parse ] --START--
INFO: [ template_filter ] --START--
INFO: Run Behavior\ContentReplaceBehavior [ RunTime:0.000067s ]
INFO: [ template_filter ] --END-- [ RunTime:-0.049195s ]
INFO: Run Behavior\ParseTemplateBehavior [ RunTime:0.002551s ]
INFO: [ view_parse ] --END-- [ RunTime:-0.017766s ]
INFO: [ view_filter ] --START--
INFO: Run Behavior\WriteHtmlCacheBehavior [ RunTime:0.000021s ]
INFO: [ view_filter ] --END-- [ RunTime:-0.019854s ]
INFO: Run Addons\SocialComment\SocialCommentAddon [ RunTime:0.006432s ]
INFO: [ documentDetailAfter ] --END-- [ RunTime:0.019923s ]
INFO: Run Behavior\ParseTemplateBehavior [ RunTime:0.002850s ]
INFO: [ view_parse ] --END-- [ RunTime:-0.017766s ]
INFO: [ view_filter ] --START--
INFO: Run Behavior\WriteHtmlCacheBehavior [ RunTime:0.000018s ]
INFO: [ view_filter ] --END-- [ RunTime:-0.020146s ]
INFO: [ app_end ] --START--
INFO: Run Behavior\ShowPageTraceBehavior [ RunTime:0.008992s ]
INFO: [ app_end ] --END-- [ RunTime:0.009071s ]

[ 2015-11-12T06:03:27+08:00 ] 66.249.79.173 /t114/index.php?s=/Hom1un2/User/login.html
INFO: [ app_init ] --START--
INFO: Run Behavior\BuildLiteBehavior [ RunTime:0.000025s ]
INFO: Run Common\Behavior\InitHookBehavior [ RunTime:0.002628s ]
INFO: [ app_init ] --END-- [ RunTime:0.003106s ]
INFO: [ app_begin ] --START--
INFO: Run Behavior\ReadHtmlCacheBehavior [ RunTime:0.000635s ]
INFO: [ app_begin ] --END-- [ RunTime:0.000724s ]
SQL: SHOW COLUMNS FROM `o1t1_config` [ RunTime:0.0026s ]
SQL: SELECT `type`,`name`,`value` FROM `o1t1_config` WHERE `status` = 1  [ RunTime:0.0003s ]
INFO: [ view_parse ] --START--
INFO: [ template_filter ] --START--
INFO: Run Behavior\ContentReplaceBehavior [ RunTime:0.000141s ]
INFO: [ template_filter ] --END-- [ RunTime:0.000241s ]
SQL: SHOW COLUMNS FROM `o1t1_channel` [ RunTime:0.0104s ]
SQL: SELECT `id`,`pid`,`title`,`url`,`sort`,`create_time`,`update_time`,`status`,`target` FROM `o1t1_channel` WHERE ( status=1 ) ORDER BY sort  [ RunTime:0.0003s ]
INFO: Run Behavior\ParseTemplateBehavior [ RunTime:0.042056s ]
INFO: [ view_parse ] --END-- [ RunTime:0.042144s ]
INFO: [ view_filter ] --START--
INFO: Run Behavior\WriteHtmlCacheBehavior [ RunTime:0.000545s ]
INFO: [ view_filter ] --END-- [ RunTime:0.000616s ]
INFO: [ app_end ] --START--
INFO: Run Behavior\ShowPageTraceBehavior [ RunTime:0.000648s ]
INFO: [ app_end ] --END-- [ RunTime:0.000725s ]

[ 2015-11-12T07:44:32+08:00 ] 66.249.79.166 /t114/index.php?s=/Hom1un2/Article/detail/id/76.html
INFO: [ app_init ] --START--
INFO: Run Behavior\BuildLiteBehavior [ RunTime:0.000025s ]
INFO: Run Common\Behavior\InitHookBehavior [ RunTime:0.011371s ]
INFO: [ app_init ] --END-- [ RunTime:0.011921s ]
INFO: [ app_begin ] --START--
INFO: Run Behavior\ReadHtmlCacheBehavior [ RunTime:0.000926s ]
INFO: [ app_begin ] --END-- [ RunTime:0.001010s ]
SQL: SHOW COLUMNS FROM `o1t1_config` [ RunTime:0.0022s ]
SQL: SELECT `type`,`name`,`value` FROM `o1t1_config` WHERE `status` = 1  [ RunTime:0.0003s ]
SQL: SHOW COLUMNS FROM `o1t1_doc0s1` [ RunTime:0.0031s ]
SQL: SELECT `id`,`id0a0`,`uid`,`name`,`title`,`category_id`,`group_id`,`description`,`root`,`pid`,`model_id`,`type`,`position`,`link_id`,`cover_id`,`display`,`deadline`,`attach`,`view`,`comment`,`extend`,`level`,`create_time`,`update_time`,`status`,`id_a0`,`F1`,`F2`,`F3`,`f4`,`F5`,`F6`,`F7`,`F8`,`F9`,`学校介绍`,`F11`,`F12`,`F13`,`F14`,`F15`,`F16`,`热门专业`,`学校设施`,`F19`,`生活信息`,`F21`,`F22`,`留学费用`,`F24`,`F25`,`F26`,`F27`,`F28`,`F29`,`F30`,`F31`,`F32` FROM `o1t1_doc0s1` WHERE `id` = 76 LIMIT 1   [ RunTime:0.0005s ]
SQL: SHOW COLUMNS FROM `o1t1_document_article` [ RunTime:0.0029s ]
SQL: SELECT `id01`,`parse`,`content`,`template`,`bookmark`,`id`,`id0a0`,`uid`,`name`,`title`,`category_id`,`group_id`,`description`,`root`,`pid`,`model_id`,`type`,`position`,`link_id`,`cover_id`,`display`,`deadline`,`attach`,`view`,`comment`,`extend`,`level`,`create_time`,`update_time`,`status`,`id_a0`,`F1`,`F2`,`F3`,`f4`,`F5`,`F6`,`F7`,`F8`,`F9`,`学校介绍`,`F11`,`F12`,`F13`,`F14`,`F15`,`F16`,`热门专业`,`学校设施`,`F19`,`生活信息`,`F21`,`F22`,`留学费用`,`F24`,`F25`,`F26`,`F27`,`F28`,`F29`,`F30`,`F31`,`F32` FROM `o1t1_document_article` WHERE `id` = 76 LIMIT 1   [ RunTime:0.0006s ]
SQL: SHOW COLUMNS FROM `o1t1_cat0s1` [ RunTime:0.0104s ]
SQL: SELECT `id`,`name`,`title`,`pid`,`sort`,`list_row`,`meta_title`,`keywords`,`description`,`template_index`,`template_lists`,`template_detail`,`template_edit`,`model`,`model_sub`,`type`,`link_id`,`allow_publish`,`display`,`reply`,`check`,`reply_model`,`extend`,`create_time`,`update_time`,`status`,`icon`,`groups` FROM `o1t1_cat0s1` WHERE `id` = 10 LIMIT 1   [ RunTime:0.0003s ]
SQL: UPDATE `o1t1_doc0s1` SET `view`=view+1 WHERE `id` = 76 [ RunTime:0.0002s ]
INFO: [ view_parse ] --START--
INFO: [ template_filter ] --START--
INFO: Run Behavior\ContentReplaceBehavior [ RunTime:0.008254s ]
INFO: [ template_filter ] --END-- [ RunTime:0.008348s ]
SQL: SHOW COLUMNS FROM `o1t1_channel` [ RunTime:0.0022s ]
SQL: SELECT `id`,`pid`,`title`,`url`,`sort`,`create_time`,`update_time`,`status`,`target` FROM `o1t1_channel` WHERE ( status=1 ) ORDER BY sort  [ RunTime:0.0003s ]
SQL: SELECT `id`,`id0a0`,`uid`,`name`,`title`,`category_id`,`group_id`,`description`,`root`,`pid`,`model_id`,`type`,`position`,`link_id`,`cover_id`,`display`,`deadline`,`attach`,`view`,`comment`,`extend`,`level`,`create_time`,`update_time`,`status`,`id_a0`,`F1`,`F2`,`F3`,`f4`,`F5`,`F6`,`F7`,`F8`,`F9`,`学校介绍`,`F11`,`F12`,`F13`,`F14`,`F15`,`F16`,`热门专业`,`学校设施`,`F19`,`生活信息`,`F21`,`F22`,`留学费用`,`F24`,`F25`,`F26`,`F27`,`F28`,`F29`,`F30`,`F31`,`F32` FROM `o1t1_doc0s1` WHERE `id` < '76' AND `pid` = 0 AND `category_id` = 10 AND `status` = 1 AND `create_time` < 1447285472 AND ( deadline = 0 OR deadline > 1447285472 ) ORDER BY id DESC LIMIT 1   [ RunTime:0.0005s ]
SQL: SELECT `id`,`id0a0`,`uid`,`name`,`title`,`category_id`,`group_id`,`description`,`root`,`pid`,`model_id`,`type`,`position`,`link_id`,`cover_id`,`display`,`deadline`,`attach`,`view`,`comment`,`extend`,`level`,`create_time`,`update_time`,`status`,`id_a0`,`F1`,`F2`,`F3`,`f4`,`F5`,`F6`,`F7`,`F8`,`F9`,`学校介绍`,`F11`,`F12`,`F13`,`F14`,`F15`,`F16`,`热门专业`,`学校设施`,`F19`,`生活信息`,`F21`,`F22`,`留学费用`,`F24`,`F25`,`F26`,`F27`,`F28`,`F29`,`F30`,`F31`,`F32` FROM `o1t1_doc0s1` WHERE `id` > '76' AND `pid` = 0 AND `category_id` = 10 AND `status` = 1 AND `create_time` < 1447285472 AND ( deadline = 0 OR deadline > 1447285472 ) ORDER BY id LIMIT 1   [ RunTime:0.0004s ]
SQL: SELECT `pid` FROM `o1t1_cat0s1` WHERE `id` = 10 LIMIT 1   [ RunTime:0.0003s ]
SQL: SELECT `id`,`name`,`pid`,`title`,`link_id` FROM `o1t1_cat0s1` WHERE `pid` = 1 AND `status` = 1 ORDER BY sort  [ RunTime:0.0003s ]
INFO: [ view_parse ] --START--
INFO: [ template_filter ] --START--
INFO: Run Behavior\ContentReplaceBehavior [ RunTime:0.000064s ]
INFO: [ template_filter ] --END-- [ RunTime:-0.021543s ]
INFO: Run Behavior\ParseTemplateBehavior [ RunTime:0.004729s ]
INFO: [ view_parse ] --END-- [ RunTime:0.004813s ]
INFO: [ view_filter ] --START--
INFO: Run Behavior\WriteHtmlCacheBehavior [ RunTime:0.000726s ]
INFO: [ view_filter ] --END-- [ RunTime:0.000801s ]
INFO: [ documentDetailAfter ] --START--
SQL: SHOW COLUMNS FROM `o1t1_attachment` [ RunTime:0.0025s ]
SQL: SELECT `id`,`uid`,`title`,`type`,`source`,`record_id`,`download`,`size`,`dir`,`sort`,`create_time`,`update_time`,`status` FROM `o1t1_attachment` WHERE `record_id` = 76 AND `status` = 1  [ RunTime:0.0002s ]
INFO: Run Addons\Attachment\AttachmentAddon [ RunTime:0.014263s ]
SQL: SHOW COLUMNS FROM `o1t1_addons` [ RunTime:0.0101s ]
SQL: SELECT `config` FROM `o1t1_addons` WHERE `name` = 'SocialComment' AND `status` = 1 LIMIT 1   [ RunTime:0.0002s ]
INFO: [ view_parse ] --START--
INFO: [ template_filter ] --START--
INFO: Run Behavior\ContentReplaceBehavior [ RunTime:0.000067s ]
INFO: [ template_filter ] --END-- [ RunTime:-0.051924s ]
INFO: Run Behavior\ParseTemplateBehavior [ RunTime:0.002727s ]
INFO: [ view_parse ] --END-- [ RunTime:-0.027215s ]
INFO: [ view_filter ] --START--
INFO: Run Behavior\WriteHtmlCacheBehavior [ RunTime:0.000021s ]
INFO: [ view_filter ] --END-- [ RunTime:-0.029213s ]
INFO: Run Addons\SocialComment\SocialCommentAddon [ RunTime:0.014912s ]
INFO: [ documentDetailAfter ] --END-- [ RunTime:0.029288s ]
INFO: Run Behavior\ParseTemplateBehavior [ RunTime:0.003043s ]
INFO: [ view_parse ] --END-- [ RunTime:-0.027215s ]
INFO: [ view_filter ] --START--
INFO: Run Behavior\WriteHtmlCacheBehavior [ RunTime:0.000019s ]
INFO: [ view_filter ] --END-- [ RunTime:-0.029520s ]
INFO: [ app_end ] --START--
INFO: Run Behavior\ShowPageTraceBehavior [ RunTime:0.000995s ]
INFO: [ app_end ] --END-- [ RunTime:0.001070s ]

[ 2015-11-12T14:42:34+08:00 ] 66.249.79.166 /t114/index.php?s=/Hom1un2/User/register.html
INFO: [ app_init ] --START--
INFO: Run Behavior\BuildLiteBehavior [ RunTime:0.000022s ]
INFO: Run Common\Behavior\InitHookBehavior [ RunTime:0.002396s ]
INFO: [ app_init ] --END-- [ RunTime:0.002857s ]
INFO: [ app_begin ] --START--
INFO: Run Behavior\ReadHtmlCacheBehavior [ RunTime:0.000648s ]
INFO: [ app_begin ] --END-- [ RunTime:0.000732s ]
SQL: SHOW COLUMNS FROM `o1t1_config` [ RunTime:0.0026s ]
SQL: SELECT `type`,`name`,`value` FROM `o1t1_config` WHERE `status` = 1  [ RunTime:0.0003s ]
INFO: [ view_parse ] --START--
INFO: [ template_filter ] --START--
INFO: Run Behavior\ContentReplaceBehavior [ RunTime:0.000137s ]
INFO: [ template_filter ] --END-- [ RunTime:0.000218s ]
SQL: SHOW COLUMNS FROM `o1t1_channel` [ RunTime:0.0102s ]
SQL: SELECT `id`,`pid`,`title`,`url`,`sort`,`create_time`,`update_time`,`status`,`target` FROM `o1t1_channel` WHERE ( status=1 ) ORDER BY sort  [ RunTime:0.0003s ]
INFO: Run Behavior\ParseTemplateBehavior [ RunTime:0.037212s ]
INFO: [ view_parse ] --END-- [ RunTime:0.037294s ]
INFO: [ view_filter ] --START--
INFO: Run Behavior\WriteHtmlCacheBehavior [ RunTime:0.000474s ]
INFO: [ view_filter ] --END-- [ RunTime:0.000544s ]
INFO: [ app_end ] --START--
INFO: Run Behavior\ShowPageTraceBehavior [ RunTime:0.000696s ]
INFO: [ app_end ] --END-- [ RunTime:0.000773s ]

[ 2015-11-12T15:38:21+08:00 ] 66.249.79.173 /t114/index.php?s=/Hom1un2/Article/detail/id/71.html
INFO: [ app_init ] --START--
INFO: Run Behavior\BuildLiteBehavior [ RunTime:0.000025s ]
INFO: Run Common\Behavior\InitHookBehavior [ RunTime:0.002748s ]
INFO: [ app_init ] --END-- [ RunTime:0.003270s ]
INFO: [ app_begin ] --START--
INFO: Run Behavior\ReadHtmlCacheBehavior [ RunTime:0.000831s ]
INFO: [ app_begin ] --END-- [ RunTime:0.000915s ]
SQL: SHOW COLUMNS FROM `o1t1_config` [ RunTime:0.0023s ]
SQL: SELECT `type`,`name`,`value` FROM `o1t1_config` WHERE `status` = 1  [ RunTime:0.0003s ]
SQL: SHOW COLUMNS FROM `o1t1_doc0s1` [ RunTime:0.0110s ]
SQL: SELECT `id`,`id0a0`,`uid`,`name`,`title`,`category_id`,`group_id`,`description`,`root`,`pid`,`model_id`,`type`,`position`,`link_id`,`cover_id`,`display`,`deadline`,`attach`,`view`,`comment`,`extend`,`level`,`create_time`,`update_time`,`status`,`id_a0`,`F1`,`F2`,`F3`,`f4`,`F5`,`F6`,`F7`,`F8`,`F9`,`学校介绍`,`F11`,`F12`,`F13`,`F14`,`F15`,`F16`,`热门专业`,`学校设施`,`F19`,`生活信息`,`F21`,`F22`,`留学费用`,`F24`,`F25`,`F26`,`F27`,`F28`,`F29`,`F30`,`F31`,`F32` FROM `o1t1_doc0s1` WHERE `id` = 71 LIMIT 1   [ RunTime:0.0005s ]
SQL: SHOW COLUMNS FROM `o1t1_document_article` [ RunTime:0.0114s ]
SQL: SELECT `id01`,`parse`,`content`,`template`,`bookmark`,`id`,`id0a0`,`uid`,`name`,`title`,`category_id`,`group_id`,`description`,`root`,`pid`,`model_id`,`type`,`position`,`link_id`,`cover_id`,`display`,`deadline`,`attach`,`view`,`comment`,`extend`,`level`,`create_time`,`update_time`,`status`,`id_a0`,`F1`,`F2`,`F3`,`f4`,`F5`,`F6`,`F7`,`F8`,`F9`,`学校介绍`,`F11`,`F12`,`F13`,`F14`,`F15`,`F16`,`热门专业`,`学校设施`,`F19`,`生活信息`,`F21`,`F22`,`留学费用`,`F24`,`F25`,`F26`,`F27`,`F28`,`F29`,`F30`,`F31`,`F32` FROM `o1t1_document_article` WHERE `id` = 71 LIMIT 1   [ RunTime:0.0007s ]
SQL: SHOW COLUMNS FROM `o1t1_cat0s1` [ RunTime:0.0025s ]
SQL: SELECT `id`,`name`,`title`,`pid`,`sort`,`list_row`,`meta_title`,`keywords`,`description`,`template_index`,`template_lists`,`template_detail`,`template_edit`,`model`,`model_sub`,`type`,`link_id`,`allow_publish`,`display`,`reply`,`check`,`reply_model`,`extend`,`create_time`,`update_time`,`status`,`icon`,`groups` FROM `o1t1_cat0s1` WHERE `id` = 10 LIMIT 1   [ RunTime:0.0003s ]
SQL: UPDATE `o1t1_doc0s1` SET `view`=view+1 WHERE `id` = 71 [ RunTime:0.0002s ]
INFO: [ view_parse ] --START--
INFO: [ template_filter ] --START--
INFO: Run Behavior\ContentReplaceBehavior [ RunTime:0.000125s ]
INFO: [ template_filter ] --END-- [ RunTime:0.000226s ]
SQL: SHOW COLUMNS FROM `o1t1_channel` [ RunTime:0.0106s ]
SQL: SELECT `id`,`pid`,`title`,`url`,`sort`,`create_time`,`update_time`,`status`,`target` FROM `o1t1_channel` WHERE ( status=1 ) ORDER BY sort  [ RunTime:0.0003s ]
SQL: SELECT `id`,`id0a0`,`uid`,`name`,`title`,`category_id`,`group_id`,`description`,`root`,`pid`,`model_id`,`type`,`position`,`link_id`,`cover_id`,`display`,`deadline`,`attach`,`view`,`comment`,`extend`,`level`,`create_time`,`update_time`,`status`,`id_a0`,`F1`,`F2`,`F3`,`f4`,`F5`,`F6`,`F7`,`F8`,`F9`,`学校介绍`,`F11`,`F12`,`F13`,`F14`,`F15`,`F16`,`热门专业`,`学校设施`,`F19`,`生活信息`,`F21`,`F22`,`留学费用`,`F24`,`F25`,`F26`,`F27`,`F28`,`F29`,`F30`,`F31`,`F32` FROM `o1t1_doc0s1` WHERE `id` < '71' AND `pid` = 0 AND `category_id` = 10 AND `status` = 1 AND `create_time` < 1447313900 AND ( deadline = 0 OR deadline > 1447313900 ) ORDER BY id DESC LIMIT 1   [ RunTime:0.0006s ]
SQL: SELECT `id`,`id0a0`,`uid`,`name`,`title`,`category_id`,`group_id`,`description`,`root`,`pid`,`model_id`,`type`,`position`,`link_id`,`cover_id`,`display`,`deadline`,`attach`,`view`,`comment`,`extend`,`level`,`create_time`,`update_time`,`status`,`id_a0`,`F1`,`F2`,`F3`,`f4`,`F5`,`F6`,`F7`,`F8`,`F9`,`学校介绍`,`F11`,`F12`,`F13`,`F14`,`F15`,`F16`,`热门专业`,`学校设施`,`F19`,`生活信息`,`F21`,`F22`,`留学费用`,`F24`,`F25`,`F26`,`F27`,`F28`,`F29`,`F30`,`F31`,`F32` FROM `o1t1_doc0s1` WHERE `id` > '71' AND `pid` = 0 AND `category_id` = 10 AND `status` = 1 AND `create_time` < 1447313900 AND ( deadline = 0 OR deadline > 1447313900 ) ORDER BY id LIMIT 1   [ RunTime:0.0004s ]
SQL: SELECT `pid` FROM `o1t1_cat0s1` WHERE `id` = 10 LIMIT 1   [ RunTime:0.0002s ]
SQL: SELECT `id`,`name`,`pid`,`title`,`link_id` FROM `o1t1_cat0s1` WHERE `pid` = 1 AND `status` = 1 ORDER BY sort  [ RunTime:0.0003s ]
INFO: [ view_parse ] --START--
INFO: [ template_filter ] --START--
INFO: Run Behavior\ContentReplaceBehavior [ RunTime:0.000066s ]
INFO: [ template_filter ] --END-- [ RunTime:-0.029105s ]
INFO: Run Behavior\ParseTemplateBehavior [ RunTime:0.012619s ]
INFO: [ view_parse ] --END-- [ RunTime:0.012705s ]
INFO: [ view_filter ] --START--
INFO: Run Behavior\WriteHtmlCacheBehavior [ RunTime:0.000572s ]
INFO: [ view_filter ] --END-- [ RunTime:0.000648s ]
INFO: [ documentDetailAfter ] --START--
SQL: SHOW COLUMNS FROM `o1t1_attachment` [ RunTime:0.0108s ]
SQL: SELECT `id`,`uid`,`title`,`type`,`source`,`record_id`,`download`,`size`,`dir`,`sort`,`create_time`,`update_time`,`status` FROM `o1t1_attachment` WHERE `record_id` = 71 AND `status` = 1  [ RunTime:0.0003s ]
INFO: Run Addons\Attachment\AttachmentAddon [ RunTime:0.014167s ]
SQL: SHOW COLUMNS FROM `o1t1_addons` [ RunTime:0.0019s ]
SQL: SELECT `config` FROM `o1t1_addons` WHERE `name` = 'SocialComment' AND `status` = 1 LIMIT 1   [ RunTime:0.0002s ]
INFO: [ view_parse ] --START--
INFO: [ template_filter ] --START--
INFO: Run Behavior\ContentReplaceBehavior [ RunTime:0.000069s ]
INFO: [ template_filter ] --END-- [ RunTime:-0.059746s ]
INFO: Run Behavior\ParseTemplateBehavior [ RunTime:0.011033s ]
INFO: [ view_parse ] --END-- [ RunTime:-0.018776s ]
INFO: [ view_filter ] --START--
INFO: Run Behavior\WriteHtmlCacheBehavior [ RunTime:0.000021s ]
INFO: [ view_filter ] --END-- [ RunTime:-0.029234s ]
INFO: Run Addons\SocialComment\SocialCommentAddon [ RunTime:0.015024s ]
INFO: [ documentDetailAfter ] --END-- [ RunTime:0.029301s ]
INFO: Run Behavior\ParseTemplateBehavior [ RunTime:0.011351s ]
INFO: [ view_parse ] --END-- [ RunTime:-0.018776s ]
INFO: [ view_filter ] --START--
INFO: Run Behavior\WriteHtmlCacheBehavior [ RunTime:0.000019s ]
INFO: [ view_filter ] --END-- [ RunTime:-0.029541s ]
INFO: [ app_end ] --START--
INFO: Run Behavior\ShowPageTraceBehavior [ RunTime:0.000776s ]
INFO: [ app_end ] --END-- [ RunTime:0.000849s ]

[ 2015-11-12T18:43:42+08:00 ] 66.249.79.159 /t114/index.php?s=/Hom1un2/Article/detail/id/73.html
INFO: [ app_init ] --START--
INFO: Run Behavior\BuildLiteBehavior [ RunTime:0.000024s ]
INFO: Run Common\Behavior\InitHookBehavior [ RunTime:0.010918s ]
INFO: [ app_init ] --END-- [ RunTime:0.011449s ]
INFO: [ app_begin ] --START--
INFO: Run Behavior\ReadHtmlCacheBehavior [ RunTime:0.000831s ]
INFO: [ app_begin ] --END-- [ RunTime:0.000914s ]
SQL: SHOW COLUMNS FROM `o1t1_config` [ RunTime:0.0025s ]
SQL: SELECT `type`,`name`,`value` FROM `o1t1_config` WHERE `status` = 1  [ RunTime:0.0003s ]
SQL: SHOW COLUMNS FROM `o1t1_doc0s1` [ RunTime:0.0110s ]
SQL: SELECT `id`,`id0a0`,`uid`,`name`,`title`,`category_id`,`group_id`,`description`,`root`,`pid`,`model_id`,`type`,`position`,`link_id`,`cover_id`,`display`,`deadline`,`attach`,`view`,`comment`,`extend`,`level`,`create_time`,`update_time`,`status`,`id_a0`,`F1`,`F2`,`F3`,`f4`,`F5`,`F6`,`F7`,`F8`,`F9`,`学校介绍`,`F11`,`F12`,`F13`,`F14`,`F15`,`F16`,`热门专业`,`学校设施`,`F19`,`生活信息`,`F21`,`F22`,`留学费用`,`F24`,`F25`,`F26`,`F27`,`F28`,`F29`,`F30`,`F31`,`F32` FROM `o1t1_doc0s1` WHERE `id` = 73 LIMIT 1   [ RunTime:0.0004s ]
SQL: SHOW COLUMNS FROM `o1t1_document_article` [ RunTime:0.0110s ]
SQL: SELECT `id01`,`parse`,`content`,`template`,`bookmark`,`id`,`id0a0`,`uid`,`name`,`title`,`category_id`,`group_id`,`description`,`root`,`pid`,`model_id`,`type`,`position`,`link_id`,`cover_id`,`display`,`deadline`,`attach`,`view`,`comment`,`extend`,`level`,`create_time`,`update_time`,`status`,`id_a0`,`F1`,`F2`,`F3`,`f4`,`F5`,`F6`,`F7`,`F8`,`F9`,`学校介绍`,`F11`,`F12`,`F13`,`F14`,`F15`,`F16`,`热门专业`,`学校设施`,`F19`,`生活信息`,`F21`,`F22`,`留学费用`,`F24`,`F25`,`F26`,`F27`,`F28`,`F29`,`F30`,`F31`,`F32` FROM `o1t1_document_article` WHERE `id` = 73 LIMIT 1   [ RunTime:0.0006s ]
SQL: SHOW COLUMNS FROM `o1t1_cat0s1` [ RunTime:0.0022s ]
SQL: SELECT `id`,`name`,`title`,`pid`,`sort`,`list_row`,`meta_title`,`keywords`,`description`,`template_index`,`template_lists`,`template_detail`,`template_edit`,`model`,`model_sub`,`type`,`link_id`,`allow_publish`,`display`,`reply`,`check`,`reply_model`,`extend`,`create_time`,`update_time`,`status`,`icon`,`groups` FROM `o1t1_cat0s1` WHERE `id` = 10 LIMIT 1   [ RunTime:0.0003s ]
SQL: UPDATE `o1t1_doc0s1` SET `view`=view+1 WHERE `id` = 73 [ RunTime:0.0002s ]
INFO: [ view_parse ] --START--
INFO: [ template_filter ] --START--
INFO: Run Behavior\ContentReplaceBehavior [ RunTime:0.000119s ]
INFO: [ template_filter ] --END-- [ RunTime:0.000209s ]
SQL: SHOW COLUMNS FROM `o1t1_channel` [ RunTime:0.0103s ]
SQL: SELECT `id`,`pid`,`title`,`url`,`sort`,`create_time`,`update_time`,`status`,`target` FROM `o1t1_channel` WHERE ( status=1 ) ORDER BY sort  [ RunTime:0.0003s ]
SQL: SELECT `id`,`id0a0`,`uid`,`name`,`title`,`category_id`,`group_id`,`description`,`root`,`pid`,`model_id`,`type`,`position`,`link_id`,`cover_id`,`display`,`deadline`,`attach`,`view`,`comment`,`extend`,`level`,`create_time`,`update_time`,`status`,`id_a0`,`F1`,`F2`,`F3`,`f4`,`F5`,`F6`,`F7`,`F8`,`F9`,`学校介绍`,`F11`,`F12`,`F13`,`F14`,`F15`,`F16`,`热门专业`,`学校设施`,`F19`,`生活信息`,`F21`,`F22`,`留学费用`,`F24`,`F25`,`F26`,`F27`,`F28`,`F29`,`F30`,`F31`,`F32` FROM `o1t1_doc0s1` WHERE `id` < '73' AND `pid` = 0 AND `category_id` = 10 AND `status` = 1 AND `create_time` < 1447325021 AND ( deadline = 0 OR deadline > 1447325021 ) ORDER BY id DESC LIMIT 1   [ RunTime:0.0005s ]
SQL: SELECT `id`,`id0a0`,`uid`,`name`,`title`,`category_id`,`group_id`,`description`,`root`,`pid`,`model_id`,`type`,`position`,`link_id`,`cover_id`,`display`,`deadline`,`attach`,`view`,`comment`,`extend`,`level`,`create_time`,`update_time`,`status`,`id_a0`,`F1`,`F2`,`F3`,`f4`,`F5`,`F6`,`F7`,`F8`,`F9`,`学校介绍`,`F11`,`F12`,`F13`,`F14`,`F15`,`F16`,`热门专业`,`学校设施`,`F19`,`生活信息`,`F21`,`F22`,`留学费用`,`F24`,`F25`,`F26`,`F27`,`F28`,`F29`,`F30`,`F31`,`F32` FROM `o1t1_doc0s1` WHERE `id` > '73' AND `pid` = 0 AND `category_id` = 10 AND `status` = 1 AND `create_time` < 1447325021 AND ( deadline = 0 OR deadline > 1447325021 ) ORDER BY id LIMIT 1   [ RunTime:0.0004s ]
SQL: SELECT `pid` FROM `o1t1_cat0s1` WHERE `id` = 10 LIMIT 1   [ RunTime:0.0002s ]
SQL: SELECT `id`,`name`,`pid`,`title`,`link_id` FROM `o1t1_cat0s1` WHERE `pid` = 1 AND `status` = 1 ORDER BY sort  [ RunTime:0.0004s ]
INFO: [ view_parse ] --START--
INFO: [ template_filter ] --START--
INFO: Run Behavior\ContentReplaceBehavior [ RunTime:0.000057s ]
INFO: [ template_filter ] --END-- [ RunTime:-0.020102s ]
INFO: Run Behavior\ParseTemplateBehavior [ RunTime:0.003588s ]
INFO: [ view_parse ] --END-- [ RunTime:0.003670s ]
INFO: [ view_filter ] --START--
INFO: Run Behavior\WriteHtmlCacheBehavior [ RunTime:0.000862s ]
INFO: [ view_filter ] --END-- [ RunTime:0.000934s ]
INFO: [ documentDetailAfter ] --START--
SQL: SHOW COLUMNS FROM `o1t1_attachment` [ RunTime:0.0021s ]
SQL: SELECT `id`,`uid`,`title`,`type`,`source`,`record_id`,`download`,`size`,`dir`,`sort`,`create_time`,`update_time`,`status` FROM `o1t1_attachment` WHERE `record_id` = 73 AND `status` = 1  [ RunTime:0.0002s ]
INFO: Run Addons\Attachment\AttachmentAddon [ RunTime:0.017406s ]
SQL: SHOW COLUMNS FROM `o1t1_addons` [ RunTime:0.0018s ]
SQL: SELECT `config` FROM `o1t1_addons` WHERE `name` = 'SocialComment' AND `status` = 1 LIMIT 1   [ RunTime:0.0002s ]
INFO: [ view_parse ] --START--
INFO: [ template_filter ] --START--
INFO: Run Behavior\ContentReplaceBehavior [ RunTime:0.000064s ]
INFO: [ template_filter ] --END-- [ RunTime:-0.053074s ]
INFO: Run Behavior\ParseTemplateBehavior [ RunTime:0.012836s ]
INFO: [ view_parse ] --END-- [ RunTime:-0.021996s ]
INFO: [ view_filter ] --START--
INFO: Run Behavior\WriteHtmlCacheBehavior [ RunTime:0.000022s ]
INFO: [ view_filter ] --END-- [ RunTime:-0.033971s ]
INFO: Run Addons\SocialComment\SocialCommentAddon [ RunTime:0.016618s ]
INFO: [ documentDetailAfter ] --END-- [ RunTime:0.034133s ]
INFO: Run Behavior\ParseTemplateBehavior [ RunTime:0.013231s ]
INFO: [ view_parse ] --END-- [ RunTime:-0.021996s ]
INFO: [ view_filter ] --START--
INFO: Run Behavior\WriteHtmlCacheBehavior [ RunTime:0.000018s ]
INFO: [ view_filter ] --END-- [ RunTime:-0.034357s ]
INFO: [ app_end ] --START--
INFO: Run Behavior\ShowPageTraceBehavior [ RunTime:0.000989s ]
INFO: [ app_end ] --END-- [ RunTime:0.001064s ]

[ 2015-11-12T19:57:50+08:00 ] 66.249.79.173 /t114/index.php?s=/Hom1un2/Article/detail/id/69.html
INFO: [ app_init ] --START--
INFO: Run Behavior\BuildLiteBehavior [ RunTime:0.000024s ]
INFO: Run Common\Behavior\InitHookBehavior [ RunTime:0.010840s ]
INFO: [ app_init ] --END-- [ RunTime:0.011354s ]
INFO: [ app_begin ] --START--
INFO: Run Behavior\ReadHtmlCacheBehavior [ RunTime:0.000984s ]
INFO: [ app_begin ] --END-- [ RunTime:0.001066s ]
SQL: SHOW COLUMNS FROM `o1t1_config` [ RunTime:0.0021s ]
SQL: SELECT `type`,`name`,`value` FROM `o1t1_config` WHERE `status` = 1  [ RunTime:0.0003s ]
SQL: SHOW COLUMNS FROM `o1t1_doc0s1` [ RunTime:0.0150s ]
SQL: SELECT `id`,`id0a0`,`uid`,`name`,`title`,`category_id`,`group_id`,`description`,`root`,`pid`,`model_id`,`type`,`position`,`link_id`,`cover_id`,`display`,`deadline`,`attach`,`view`,`comment`,`extend`,`level`,`create_time`,`update_time`,`status`,`id_a0`,`F1`,`F2`,`F3`,`f4`,`F5`,`F6`,`F7`,`F8`,`F9`,`学校介绍`,`F11`,`F12`,`F13`,`F14`,`F15`,`F16`,`热门专业`,`学校设施`,`F19`,`生活信息`,`F21`,`F22`,`留学费用`,`F24`,`F25`,`F26`,`F27`,`F28`,`F29`,`F30`,`F31`,`F32` FROM `o1t1_doc0s1` WHERE `id` = 69 LIMIT 1   [ RunTime:0.0004s ]
SQL: SHOW COLUMNS FROM `o1t1_document_article` [ RunTime:0.0028s ]
SQL: SELECT `id01`,`parse`,`content`,`template`,`bookmark`,`id`,`id0a0`,`uid`,`name`,`title`,`category_id`,`group_id`,`description`,`root`,`pid`,`model_id`,`type`,`position`,`link_id`,`cover_id`,`display`,`deadline`,`attach`,`view`,`comment`,`extend`,`level`,`create_time`,`update_time`,`status`,`id_a0`,`F1`,`F2`,`F3`,`f4`,`F5`,`F6`,`F7`,`F8`,`F9`,`学校介绍`,`F11`,`F12`,`F13`,`F14`,`F15`,`F16`,`热门专业`,`学校设施`,`F19`,`生活信息`,`F21`,`F22`,`留学费用`,`F24`,`F25`,`F26`,`F27`,`F28`,`F29`,`F30`,`F31`,`F32` FROM `o1t1_document_article` WHERE `id` = 69 LIMIT 1   [ RunTime:0.0006s ]
SQL: SHOW COLUMNS FROM `o1t1_cat0s1` [ RunTime:0.0153s ]
SQL: SELECT `id`,`name`,`title`,`pid`,`sort`,`list_row`,`meta_title`,`keywords`,`description`,`template_index`,`template_lists`,`template_detail`,`template_edit`,`model`,`model_sub`,`type`,`link_id`,`allow_publish`,`display`,`reply`,`check`,`reply_model`,`extend`,`create_time`,`update_time`,`status`,`icon`,`groups` FROM `o1t1_cat0s1` WHERE `id` = 10 LIMIT 1   [ RunTime:0.0003s ]
SQL: UPDATE `o1t1_doc0s1` SET `view`=view+1 WHERE `id` = 69 [ RunTime:0.0002s ]
INFO: [ view_parse ] --START--
INFO: [ template_filter ] --START--
INFO: Run Behavior\ContentReplaceBehavior [ RunTime:0.000120s ]
INFO: [ template_filter ] --END-- [ RunTime:0.000205s ]
SQL: SHOW COLUMNS FROM `o1t1_channel` [ RunTime:0.0142s ]
SQL: SELECT `id`,`pid`,`title`,`url`,`sort`,`create_time`,`update_time`,`status`,`target` FROM `o1t1_channel` WHERE ( status=1 ) ORDER BY sort  [ RunTime:0.0003s ]
SQL: SELECT `id`,`id0a0`,`uid`,`name`,`title`,`category_id`,`group_id`,`description`,`root`,`pid`,`model_id`,`type`,`position`,`link_id`,`cover_id`,`display`,`deadline`,`attach`,`view`,`comment`,`extend`,`level`,`create_time`,`update_time`,`status`,`id_a0`,`F1`,`F2`,`F3`,`f4`,`F5`,`F6`,`F7`,`F8`,`F9`,`学校介绍`,`F11`,`F12`,`F13`,`F14`,`F15`,`F16`,`热门专业`,`学校设施`,`F19`,`生活信息`,`F21`,`F22`,`留学费用`,`F24`,`F25`,`F26`,`F27`,`F28`,`F29`,`F30`,`F31`,`F32` FROM `o1t1_doc0s1` WHERE `id` < '69' AND `pid` = 0 AND `category_id` = 10 AND `status` = 1 AND `create_time` < 1447329470 AND ( deadline = 0 OR deadline > 1447329470 ) ORDER BY id DESC LIMIT 1   [ RunTime:0.0005s ]
SQL: SELECT `id`,`id0a0`,`uid`,`name`,`title`,`category_id`,`group_id`,`description`,`root`,`pid`,`model_id`,`type`,`position`,`link_id`,`cover_id`,`display`,`deadline`,`attach`,`view`,`comment`,`extend`,`level`,`create_time`,`update_time`,`status`,`id_a0`,`F1`,`F2`,`F3`,`f4`,`F5`,`F6`,`F7`,`F8`,`F9`,`学校介绍`,`F11`,`F12`,`F13`,`F14`,`F15`,`F16`,`热门专业`,`学校设施`,`F19`,`生活信息`,`F21`,`F22`,`留学费用`,`F24`,`F25`,`F26`,`F27`,`F28`,`F29`,`F30`,`F31`,`F32` FROM `o1t1_doc0s1` WHERE `id` > '69' AND `pid` = 0 AND `category_id` = 10 AND `status` = 1 AND `create_time` < 1447329470 AND ( deadline = 0 OR deadline > 1447329470 ) ORDER BY id LIMIT 1   [ RunTime:0.0004s ]
SQL: SELECT `pid` FROM `o1t1_cat0s1` WHERE `id` = 10 LIMIT 1   [ RunTime:0.0002s ]
SQL: SELECT `id`,`name`,`pid`,`title`,`link_id` FROM `o1t1_cat0s1` WHERE `pid` = 1 AND `status` = 1 ORDER BY sort  [ RunTime:0.0003s ]
INFO: [ view_parse ] --START--
INFO: [ template_filter ] --START--
INFO: Run Behavior\ContentReplaceBehavior [ RunTime:0.000058s ]
INFO: [ template_filter ] --END-- [ RunTime:-0.031856s ]
INFO: Run Behavior\ParseTemplateBehavior [ RunTime:0.011865s ]
INFO: [ view_parse ] --END-- [ RunTime:0.011950s ]
INFO: [ view_filter ] --START--
INFO: Run Behavior\WriteHtmlCacheBehavior [ RunTime:0.000633s ]
INFO: [ view_filter ] --END-- [ RunTime:0.000706s ]
INFO: [ documentDetailAfter ] --START--
SQL: SHOW COLUMNS FROM `o1t1_attachment` [ RunTime:0.0021s ]
SQL: SELECT `id`,`uid`,`title`,`type`,`source`,`record_id`,`download`,`size`,`dir`,`sort`,`create_time`,`update_time`,`status` FROM `o1t1_attachment` WHERE `record_id` = 69 AND `status` = 1  [ RunTime:0.0002s ]
INFO: Run Addons\Attachment\AttachmentAddon [ RunTime:0.013242s ]
SQL: SHOW COLUMNS FROM `o1t1_addons` [ RunTime:0.0019s ]
SQL: SELECT `config` FROM `o1t1_addons` WHERE `name` = 'SocialComment' AND `status` = 1 LIMIT 1   [ RunTime:0.0002s ]
INFO: [ view_parse ] --START--
INFO: [ template_filter ] --START--
INFO: Run Behavior\ContentReplaceBehavior [ RunTime:0.000065s ]
INFO: [ template_filter ] --END-- [ RunTime:-0.052289s ]
INFO: Run Behavior\ParseTemplateBehavior [ RunTime:0.002568s ]
INFO: [ view_parse ] --END-- [ RunTime:-0.017589s ]
INFO: [ view_filter ] --START--
INFO: Run Behavior\WriteHtmlCacheBehavior [ RunTime:0.000021s ]
INFO: [ view_filter ] --END-- [ RunTime:-0.019524s ]
INFO: Run Addons\SocialComment\SocialCommentAddon [ RunTime:0.006250s ]
INFO: [ documentDetailAfter ] --END-- [ RunTime:0.019601s ]
INFO: Run Behavior\ParseTemplateBehavior [ RunTime:0.002871s ]
INFO: [ view_parse ] --END-- [ RunTime:-0.017589s ]
INFO: [ view_filter ] --START--
INFO: Run Behavior\WriteHtmlCacheBehavior [ RunTime:0.000019s ]
INFO: [ view_filter ] --END-- [ RunTime:-0.019817s ]
INFO: [ app_end ] --START--
INFO: Run Behavior\ShowPageTraceBehavior [ RunTime:0.009022s ]
INFO: [ app_end ] --END-- [ RunTime:0.009095s ]

[ 2015-11-12T20:08:26+08:00 ] 66.249.79.166 /t114/index.php?s=/Hom1un2/Article/detail/id/68.html
INFO: [ app_init ] --START--
INFO: Run Behavior\BuildLiteBehavior [ RunTime:0.000024s ]
INFO: Run Common\Behavior\InitHookBehavior [ RunTime:0.002147s ]
INFO: [ app_init ] --END-- [ RunTime:0.002582s ]
INFO: [ app_begin ] --START--
INFO: Run Behavior\ReadHtmlCacheBehavior [ RunTime:0.000587s ]
INFO: [ app_begin ] --END-- [ RunTime:0.000669s ]
SQL: SHOW COLUMNS FROM `o1t1_config` [ RunTime:0.0019s ]
SQL: SELECT `type`,`name`,`value` FROM `o1t1_config` WHERE `status` = 1  [ RunTime:0.0003s ]
SQL: SHOW COLUMNS FROM `o1t1_doc0s1` [ RunTime:0.0108s ]
SQL: SELECT `id`,`id0a0`,`uid`,`name`,`title`,`category_id`,`group_id`,`description`,`root`,`pid`,`model_id`,`type`,`position`,`link_id`,`cover_id`,`display`,`deadline`,`attach`,`view`,`comment`,`extend`,`level`,`create_time`,`update_time`,`status`,`id_a0`,`F1`,`F2`,`F3`,`f4`,`F5`,`F6`,`F7`,`F8`,`F9`,`学校介绍`,`F11`,`F12`,`F13`,`F14`,`F15`,`F16`,`热门专业`,`学校设施`,`F19`,`生活信息`,`F21`,`F22`,`留学费用`,`F24`,`F25`,`F26`,`F27`,`F28`,`F29`,`F30`,`F31`,`F32` FROM `o1t1_doc0s1` WHERE `id` = 68 LIMIT 1   [ RunTime:0.0004s ]
SQL: SHOW COLUMNS FROM `o1t1_document_article` [ RunTime:0.0025s ]
SQL: SELECT `id01`,`parse`,`content`,`template`,`bookmark`,`id`,`id0a0`,`uid`,`name`,`title`,`category_id`,`group_id`,`description`,`root`,`pid`,`model_id`,`type`,`position`,`link_id`,`cover_id`,`display`,`deadline`,`attach`,`view`,`comment`,`extend`,`level`,`create_time`,`update_time`,`status`,`id_a0`,`F1`,`F2`,`F3`,`f4`,`F5`,`F6`,`F7`,`F8`,`F9`,`学校介绍`,`F11`,`F12`,`F13`,`F14`,`F15`,`F16`,`热门专业`,`学校设施`,`F19`,`生活信息`,`F21`,`F22`,`留学费用`,`F24`,`F25`,`F26`,`F27`,`F28`,`F29`,`F30`,`F31`,`F32` FROM `o1t1_document_article` WHERE `id` = 68 LIMIT 1   [ RunTime:0.0006s ]
SQL: SHOW COLUMNS FROM `o1t1_cat0s1` [ RunTime:0.0021s ]
SQL: SELECT `id`,`name`,`title`,`pid`,`sort`,`list_row`,`meta_title`,`keywords`,`description`,`template_index`,`template_lists`,`template_detail`,`template_edit`,`model`,`model_sub`,`type`,`link_id`,`allow_publish`,`display`,`reply`,`check`,`reply_model`,`extend`,`create_time`,`update_time`,`status`,`icon`,`groups` FROM `o1t1_cat0s1` WHERE `id` = 10 LIMIT 1   [ RunTime:0.0003s ]
SQL: UPDATE `o1t1_doc0s1` SET `view`=view+1 WHERE `id` = 68 [ RunTime:0.0002s ]
INFO: [ view_parse ] --START--
INFO: [ template_filter ] --START--
INFO: Run Behavior\ContentReplaceBehavior [ RunTime:0.000115s ]
INFO: [ template_filter ] --END-- [ RunTime:0.000201s ]
SQL: SHOW COLUMNS FROM `o1t1_channel` [ RunTime:0.0017s ]
SQL: SELECT `id`,`pid`,`title`,`url`,`sort`,`create_time`,`update_time`,`status`,`target` FROM `o1t1_channel` WHERE ( status=1 ) ORDER BY sort  [ RunTime:0.0002s ]
SQL: SELECT `id`,`id0a0`,`uid`,`name`,`title`,`category_id`,`group_id`,`description`,`root`,`pid`,`model_id`,`type`,`position`,`link_id`,`cover_id`,`display`,`deadline`,`attach`,`view`,`comment`,`extend`,`level`,`create_time`,`update_time`,`status`,`id_a0`,`F1`,`F2`,`F3`,`f4`,`F5`,`F6`,`F7`,`F8`,`F9`,`学校介绍`,`F11`,`F12`,`F13`,`F14`,`F15`,`F16`,`热门专业`,`学校设施`,`F19`,`生活信息`,`F21`,`F22`,`留学费用`,`F24`,`F25`,`F26`,`F27`,`F28`,`F29`,`F30`,`F31`,`F32` FROM `o1t1_doc0s1` WHERE `id` < '68' AND `pid` = 0 AND `category_id` = 10 AND `status` = 1 AND `create_time` < 1447330105 AND ( deadline = 0 OR deadline > 1447330105 ) ORDER BY id DESC LIMIT 1   [ RunTime:0.0004s ]
SQL: SELECT `id`,`id0a0`,`uid`,`name`,`title`,`category_id`,`group_id`,`description`,`root`,`pid`,`model_id`,`type`,`position`,`link_id`,`cover_id`,`display`,`deadline`,`attach`,`view`,`comment`,`extend`,`level`,`create_time`,`update_time`,`status`,`id_a0`,`F1`,`F2`,`F3`,`f4`,`F5`,`F6`,`F7`,`F8`,`F9`,`学校介绍`,`F11`,`F12`,`F13`,`F14`,`F15`,`F16`,`热门专业`,`学校设施`,`F19`,`生活信息`,`F21`,`F22`,`留学费用`,`F24`,`F25`,`F26`,`F27`,`F28`,`F29`,`F30`,`F31`,`F32` FROM `o1t1_doc0s1` WHERE `id` > '68' AND `pid` = 0 AND `category_id` = 10 AND `status` = 1 AND `create_time` < 1447330105 AND ( deadline = 0 OR deadline > 1447330105 ) ORDER BY id LIMIT 1   [ RunTime:0.0086s ]
SQL: SELECT `pid` FROM `o1t1_cat0s1` WHERE `id` = 10 LIMIT 1   [ RunTime:0.0002s ]
SQL: SELECT `id`,`name`,`pid`,`title`,`link_id` FROM `o1t1_cat0s1` WHERE `pid` = 1 AND `status` = 1 ORDER BY sort  [ RunTime:0.0003s ]
INFO: [ view_parse ] --START--
INFO: [ template_filter ] --START--
INFO: Run Behavior\ContentReplaceBehavior [ RunTime:0.000057s ]
INFO: [ template_filter ] --END-- [ RunTime:-0.018937s ]
INFO: Run Behavior\ParseTemplateBehavior [ RunTime:0.003496s ]
INFO: [ view_parse ] --END-- [ RunTime:0.003580s ]
INFO: [ view_filter ] --START--
INFO: Run Behavior\WriteHtmlCacheBehavior [ RunTime:0.000351s ]
INFO: [ view_filter ] --END-- [ RunTime:0.000423s ]
INFO: [ documentDetailAfter ] --START--
SQL: SHOW COLUMNS FROM `o1t1_attachment` [ RunTime:0.0018s ]
SQL: SELECT `id`,`uid`,`title`,`type`,`source`,`record_id`,`download`,`size`,`dir`,`sort`,`create_time`,`update_time`,`status` FROM `o1t1_attachment` WHERE `record_id` = 68 AND `status` = 1  [ RunTime:0.0002s ]
INFO: Run Addons\Attachment\AttachmentAddon [ RunTime:0.012881s ]
SQL: SHOW COLUMNS FROM `o1t1_addons` [ RunTime:0.0016s ]
SQL: SELECT `config` FROM `o1t1_addons` WHERE `name` = 'SocialComment' AND `status` = 1 LIMIT 1   [ RunTime:0.0002s ]
INFO: [ view_parse ] --START--
INFO: [ template_filter ] --START--
INFO: Run Behavior\ContentReplaceBehavior [ RunTime:0.000062s ]
INFO: [ template_filter ] --END-- [ RunTime:-0.038484s ]
INFO: Run Behavior\ParseTemplateBehavior [ RunTime:0.017487s ]
INFO: [ view_parse ] --END-- [ RunTime:-0.016717s ]
INFO: [ view_filter ] --START--
INFO: Run Behavior\WriteHtmlCacheBehavior [ RunTime:0.000020s ]
INFO: [ view_filter ] --END-- [ RunTime:-0.033856s ]
INFO: Run Addons\SocialComment\SocialCommentAddon [ RunTime:0.020947s ]
INFO: [ documentDetailAfter ] --END-- [ RunTime:0.033937s ]
INFO: Run Behavior\ParseTemplateBehavior [ RunTime:0.017801s ]
INFO: [ view_parse ] --END-- [ RunTime:-0.016717s ]
INFO: [ view_filter ] --START--
INFO: Run Behavior\WriteHtmlCacheBehavior [ RunTime:0.000020s ]
INFO: [ view_filter ] --END-- [ RunTime:-0.034157s ]
INFO: [ app_end ] --START--
INFO: Run Behavior\ShowPageTraceBehavior [ RunTime:0.002926s ]
INFO: [ app_end ] --END-- [ RunTime:0.003003s ]

[ 2015-11-12T20:50:47+08:00 ] 66.249.79.173 /t114/index.php?s=/Hom1un2/Article/lists/category/default_blog/p/1.html
INFO: [ app_init ] --START--
INFO: Run Behavior\BuildLiteBehavior [ RunTime:0.000024s ]
INFO: Run Common\Behavior\InitHookBehavior [ RunTime:0.010681s ]
INFO: [ app_init ] --END-- [ RunTime:0.011144s ]
INFO: [ app_begin ] --START--
INFO: Run Behavior\ReadHtmlCacheBehavior [ RunTime:0.000590s ]
INFO: [ app_begin ] --END-- [ RunTime:0.000672s ]
SQL: SHOW COLUMNS FROM `o1t1_config` [ RunTime:0.0024s ]
SQL: SELECT `type`,`name`,`value` FROM `o1t1_config` WHERE `status` = 1  [ RunTime:0.0003s ]
SQL: SHOW COLUMNS FROM `o1t1_cat0s1` [ RunTime:0.0023s ]
SQL: SELECT `id`,`name`,`title`,`pid`,`sort`,`list_row`,`meta_title`,`keywords`,`description`,`template_index`,`template_lists`,`template_detail`,`template_edit`,`model`,`model_sub`,`type`,`link_id`,`allow_publish`,`display`,`reply`,`check`,`reply_model`,`extend`,`create_time`,`update_time`,`status`,`icon`,`groups` FROM `o1t1_cat0s1` WHERE `name` = 'default_blog' LIMIT 1   [ RunTime:0.0003s ]
SQL: SHOW COLUMNS FROM `o1t1_doc0s1` [ RunTime:0.0029s ]
SQL: SELECT `id`,`id0a0`,`uid`,`name`,`title`,`category_id`,`group_id`,`description`,`root`,`pid`,`model_id`,`type`,`position`,`link_id`,`cover_id`,`display`,`deadline`,`attach`,`view`,`comment`,`extend`,`level`,`create_time`,`update_time`,`status`,`id_a0`,`F1`,`F2`,`F3`,`f4`,`F5`,`F6`,`F7`,`F8`,`F9`,`学校介绍`,`F11`,`F12`,`F13`,`F14`,`F15`,`F16`,`热门专业`,`学校设施`,`F19`,`生活信息`,`F21`,`F22`,`留学费用`,`F24`,`F25`,`F26`,`F27`,`F28`,`F29`,`F30`,`F31`,`F32` FROM `o1t1_doc0s1` WHERE `status` = 1 AND `pid` = 0 AND `category_id` = 10 AND `create_time` < 1447332647 AND ( deadline = 0 OR deadline > 1447332647 ) ORDER BY `id` DESC LIMIT 0,10   [ RunTime:0.0019s ]
INFO: [ view_parse ] --START--
INFO: [ template_filter ] --START--
INFO: Run Behavior\ContentReplaceBehavior [ RunTime:0.000130s ]
INFO: [ template_filter ] --END-- [ RunTime:0.000225s ]
SQL: SHOW COLUMNS FROM `o1t1_channel` [ RunTime:0.0023s ]
SQL: SELECT `id`,`pid`,`title`,`url`,`sort`,`create_time`,`update_time`,`status`,`target` FROM `o1t1_channel` WHERE ( status=1 ) ORDER BY sort  [ RunTime:0.0003s ]
SQL: SELECT `pid` FROM `o1t1_cat0s1` WHERE `id` = 10 LIMIT 1   [ RunTime:0.0002s ]
SQL: SELECT `id`,`name`,`pid`,`title`,`link_id` FROM `o1t1_cat0s1` WHERE `pid` = 1 AND `status` = 1 ORDER BY sort  [ RunTime:0.0084s ]
INFO: [ view_parse ] --START--
INFO: [ template_filter ] --START--
INFO: Run Behavior\ContentReplaceBehavior [ RunTime:0.000058s ]
INFO: [ template_filter ] --END-- [ RunTime:-0.017636s ]
INFO: Run Behavior\ParseTemplateBehavior [ RunTime:0.003688s ]
INFO: [ view_parse ] --END-- [ RunTime:0.003767s ]
INFO: [ view_filter ] --START--
INFO: Run Behavior\WriteHtmlCacheBehavior [ RunTime:0.000356s ]
INFO: [ view_filter ] --END-- [ RunTime:0.000427s ]
SQL: SELECT COUNT(id) AS tp_count FROM `o1t1_doc0s1` WHERE `status` = 1 AND `pid` = 0 AND `category_id` = 10 AND `create_time` < 1447332647 AND ( deadline = 0 OR deadline > 1447332647 ) LIMIT 1   [ RunTime:0.0008s ]
INFO: Run Behavior\ParseTemplateBehavior [ RunTime:0.015727s ]
INFO: [ view_parse ] --END-- [ RunTime:0.003767s ]
INFO: [ view_filter ] --START--
INFO: Run Behavior\WriteHtmlCacheBehavior [ RunTime:0.000020s ]
INFO: [ view_filter ] --END-- [ RunTime:-0.011608s ]
INFO: [ app_end ] --START--
INFO: Run Behavior\ShowPageTraceBehavior [ RunTime:0.000656s ]
INFO: [ app_end ] --END-- [ RunTime:0.000733s ]

[ 2015-11-12T22:42:00+08:00 ] 66.249.79.159 /t114/index.php?s=/Hom1un2/Article/lists/category/name_TeseYuanxiao.html
INFO: [ app_init ] --START--
INFO: Run Behavior\BuildLiteBehavior [ RunTime:0.000022s ]
INFO: Run Common\Behavior\InitHookBehavior [ RunTime:0.010590s ]
INFO: [ app_init ] --END-- [ RunTime:0.011056s ]
INFO: [ app_begin ] --START--
INFO: Run Behavior\ReadHtmlCacheBehavior [ RunTime:0.000595s ]
INFO: [ app_begin ] --END-- [ RunTime:0.000675s ]
SQL: SHOW COLUMNS FROM `o1t1_config` [ RunTime:0.0022s ]
SQL: SELECT `type`,`name`,`value` FROM `o1t1_config` WHERE `status` = 1  [ RunTime:0.0085s ]
SQL: SHOW COLUMNS FROM `o1t1_cat0s1` [ RunTime:0.0022s ]
SQL: SELECT `id`,`name`,`title`,`pid`,`sort`,`list_row`,`meta_title`,`keywords`,`description`,`template_index`,`template_lists`,`template_detail`,`template_edit`,`model`,`model_sub`,`type`,`link_id`,`allow_publish`,`display`,`reply`,`check`,`reply_model`,`extend`,`create_time`,`update_time`,`status`,`icon`,`groups` FROM `o1t1_cat0s1` WHERE `name` = 'name_TeseYuanxiao' LIMIT 1   [ RunTime:0.0003s ]
SQL: SHOW COLUMNS FROM `o1t1_doc0s1` [ RunTime:0.0110s ]
SQL: SELECT `id`,`id0a0`,`uid`,`name`,`title`,`category_id`,`group_id`,`description`,`root`,`pid`,`model_id`,`type`,`position`,`link_id`,`cover_id`,`display`,`deadline`,`attach`,`view`,`comment`,`extend`,`level`,`create_time`,`update_time`,`status`,`id_a0`,`F1`,`F2`,`F3`,`f4`,`F5`,`F6`,`F7`,`F8`,`F9`,`学校介绍`,`F11`,`F12`,`F13`,`F14`,`F15`,`F16`,`热门专业`,`学校设施`,`F19`,`生活信息`,`F21`,`F22`,`留学费用`,`F24`,`F25`,`F26`,`F27`,`F28`,`F29`,`F30`,`F31`,`F32` FROM `o1t1_doc0s1` WHERE `status` = 1 AND `pid` = 0 AND `category_id` = 40 AND `create_time` < 1447339320 AND ( deadline = 0 OR deadline > 1447339320 ) ORDER BY `id` DESC LIMIT 0,10   [ RunTime:0.0020s ]
INFO: [ view_parse ] --START--
INFO: [ template_filter ] --START--
INFO: Run Behavior\ContentReplaceBehavior [ RunTime:0.000124s ]
INFO: [ template_filter ] --END-- [ RunTime:0.000210s ]
SQL: SHOW COLUMNS FROM `o1t1_channel` [ RunTime:0.0021s ]
SQL: SELECT `id`,`pid`,`title`,`url`,`sort`,`create_time`,`update_time`,`status`,`target` FROM `o1t1_channel` WHERE ( status=1 ) ORDER BY sort  [ RunTime:0.0003s ]
SQL: SELECT `pid` FROM `o1t1_cat0s1` WHERE `id` = 40 LIMIT 1   [ RunTime:0.0002s ]
SQL: SELECT `id`,`name`,`pid`,`title`,`link_id` FROM `o1t1_cat0s1` WHERE `pid` = 1 AND `status` = 1 ORDER BY sort  [ RunTime:0.0084s ]
INFO: [ view_parse ] --START--
INFO: [ template_filter ] --START--
INFO: Run Behavior\ContentReplaceBehavior [ RunTime:0.000055s ]
INFO: [ template_filter ] --END-- [ RunTime:-0.017315s ]
INFO: Run Behavior\ParseTemplateBehavior [ RunTime:0.003495s ]
INFO: [ view_parse ] --END-- [ RunTime:0.003573s ]
INFO: [ view_filter ] --START--
INFO: Run Behavior\WriteHtmlCacheBehavior [ RunTime:0.000375s ]
INFO: [ view_filter ] --END-- [ RunTime:0.000452s ]
SQL: SELECT COUNT(id) AS tp_count FROM `o1t1_doc0s1` WHERE `status` = 1 AND `pid` = 0 AND `category_id` = 40 AND `create_time` < 1447339320 AND ( deadline = 0 OR deadline > 1447339320 ) LIMIT 1   [ RunTime:0.0008s ]
INFO: Run Behavior\ParseTemplateBehavior [ RunTime:0.005826s ]
INFO: [ view_parse ] --END-- [ RunTime:0.003573s ]
INFO: [ view_filter ] --START--
INFO: Run Behavior\WriteHtmlCacheBehavior [ RunTime:0.000019s ]
INFO: [ view_filter ] --END-- [ RunTime:-0.001864s ]
INFO: [ app_end ] --START--
INFO: Run Behavior\ShowPageTraceBehavior [ RunTime:0.000636s ]
INFO: [ app_end ] --END-- [ RunTime:0.000710s ]

[ 2015-11-12T22:52:35+08:00 ] 66.249.79.159 /t114/index.php?s=/Hom1un2/Article/detail/id/75.html
INFO: [ app_init ] --START--
INFO: Run Behavior\BuildLiteBehavior [ RunTime:0.000023s ]
INFO: Run Common\Behavior\InitHookBehavior [ RunTime:0.014819s ]
INFO: [ app_init ] --END-- [ RunTime:0.015284s ]
INFO: [ app_begin ] --START--
INFO: Run Behavior\ReadHtmlCacheBehavior [ RunTime:0.000583s ]
INFO: [ app_begin ] --END-- [ RunTime:0.000669s ]
SQL: SHOW COLUMNS FROM `o1t1_config` [ RunTime:0.0022s ]
SQL: SELECT `type`,`name`,`value` FROM `o1t1_config` WHERE `status` = 1  [ RunTime:0.0003s ]
SQL: SHOW COLUMNS FROM `o1t1_doc0s1` [ RunTime:0.0027s ]
SQL: SELECT `id`,`id0a0`,`uid`,`name`,`title`,`category_id`,`group_id`,`description`,`root`,`pid`,`model_id`,`type`,`position`,`link_id`,`cover_id`,`display`,`deadline`,`attach`,`view`,`comment`,`extend`,`level`,`create_time`,`update_time`,`status`,`id_a0`,`F1`,`F2`,`F3`,`f4`,`F5`,`F6`,`F7`,`F8`,`F9`,`学校介绍`,`F11`,`F12`,`F13`,`F14`,`F15`,`F16`,`热门专业`,`学校设施`,`F19`,`生活信息`,`F21`,`F22`,`留学费用`,`F24`,`F25`,`F26`,`F27`,`F28`,`F29`,`F30`,`F31`,`F32` FROM `o1t1_doc0s1` WHERE `id` = 75 LIMIT 1   [ RunTime:0.0005s ]
SQL: SHOW COLUMNS FROM `o1t1_document_article` [ RunTime:0.0109s ]
SQL: SELECT `id01`,`parse`,`content`,`template`,`bookmark`,`id`,`id0a0`,`uid`,`name`,`title`,`category_id`,`group_id`,`description`,`root`,`pid`,`model_id`,`type`,`position`,`link_id`,`cover_id`,`display`,`deadline`,`attach`,`view`,`comment`,`extend`,`level`,`create_time`,`update_time`,`status`,`id_a0`,`F1`,`F2`,`F3`,`f4`,`F5`,`F6`,`F7`,`F8`,`F9`,`学校介绍`,`F11`,`F12`,`F13`,`F14`,`F15`,`F16`,`热门专业`,`学校设施`,`F19`,`生活信息`,`F21`,`F22`,`留学费用`,`F24`,`F25`,`F26`,`F27`,`F28`,`F29`,`F30`,`F31`,`F32` FROM `o1t1_document_article` WHERE `id` = 75 LIMIT 1   [ RunTime:0.0006s ]
SQL: SHOW COLUMNS FROM `o1t1_cat0s1` [ RunTime:0.0022s ]
SQL: SELECT `id`,`name`,`title`,`pid`,`sort`,`list_row`,`meta_title`,`keywords`,`description`,`template_index`,`template_lists`,`template_detail`,`template_edit`,`model`,`model_sub`,`type`,`link_id`,`allow_publish`,`display`,`reply`,`check`,`reply_model`,`extend`,`create_time`,`update_time`,`status`,`icon`,`groups` FROM `o1t1_cat0s1` WHERE `id` = 10 LIMIT 1   [ RunTime:0.0003s ]
SQL: UPDATE `o1t1_doc0s1` SET `view`=view+1 WHERE `id` = 75 [ RunTime:0.0002s ]
INFO: [ view_parse ] --START--
INFO: [ template_filter ] --START--
INFO: Run Behavior\ContentReplaceBehavior [ RunTime:0.012294s ]
INFO: [ template_filter ] --END-- [ RunTime:0.012385s ]
SQL: SHOW COLUMNS FROM `o1t1_channel` [ RunTime:0.0023s ]
SQL: SELECT `id`,`pid`,`title`,`url`,`sort`,`create_time`,`update_time`,`status`,`target` FROM `o1t1_channel` WHERE ( status=1 ) ORDER BY sort  [ RunTime:0.0003s ]
SQL: SELECT `id`,`id0a0`,`uid`,`name`,`title`,`category_id`,`group_id`,`description`,`root`,`pid`,`model_id`,`type`,`position`,`link_id`,`cover_id`,`display`,`deadline`,`attach`,`view`,`comment`,`extend`,`level`,`create_time`,`update_time`,`status`,`id_a0`,`F1`,`F2`,`F3`,`f4`,`F5`,`F6`,`F7`,`F8`,`F9`,`学校介绍`,`F11`,`F12`,`F13`,`F14`,`F15`,`F16`,`热门专业`,`学校设施`,`F19`,`生活信息`,`F21`,`F22`,`留学费用`,`F24`,`F25`,`F26`,`F27`,`F28`,`F29`,`F30`,`F31`,`F32` FROM `o1t1_doc0s1` WHERE `id` < '75' AND `pid` = 0 AND `category_id` = 10 AND `status` = 1 AND `create_time` < 1447339955 AND ( deadline = 0 OR deadline > 1447339955 ) ORDER BY id DESC LIMIT 1   [ RunTime:0.0005s ]
SQL: SELECT `id`,`id0a0`,`uid`,`name`,`title`,`category_id`,`group_id`,`description`,`root`,`pid`,`model_id`,`type`,`position`,`link_id`,`cover_id`,`display`,`deadline`,`attach`,`view`,`comment`,`extend`,`level`,`create_time`,`update_time`,`status`,`id_a0`,`F1`,`F2`,`F3`,`f4`,`F5`,`F6`,`F7`,`F8`,`F9`,`学校介绍`,`F11`,`F12`,`F13`,`F14`,`F15`,`F16`,`热门专业`,`学校设施`,`F19`,`生活信息`,`F21`,`F22`,`留学费用`,`F24`,`F25`,`F26`,`F27`,`F28`,`F29`,`F30`,`F31`,`F32` FROM `o1t1_doc0s1` WHERE `id` > '75' AND `pid` = 0 AND `category_id` = 10 AND `status` = 1 AND `create_time` < 1447339955 AND ( deadline = 0 OR deadline > 1447339955 ) ORDER BY id LIMIT 1   [ RunTime:0.0004s ]
SQL: SELECT `pid` FROM `o1t1_cat0s1` WHERE `id` = 10 LIMIT 1   [ RunTime:0.0002s ]
SQL: SELECT `id`,`name`,`pid`,`title`,`link_id` FROM `o1t1_cat0s1` WHERE `pid` = 1 AND `status` = 1 ORDER BY sort  [ RunTime:0.0003s ]
INFO: [ view_parse ] --START--
INFO: [ template_filter ] --START--
INFO: Run Behavior\ContentReplaceBehavior [ RunTime:0.000059s ]
INFO: [ template_filter ] --END-- [ RunTime:-0.019932s ]
INFO: Run Behavior\ParseTemplateBehavior [ RunTime:0.003569s ]
INFO: [ view_parse ] --END-- [ RunTime:0.003651s ]
INFO: [ view_filter ] --START--
INFO: Run Behavior\WriteHtmlCacheBehavior [ RunTime:0.000362s ]
INFO: [ view_filter ] --END-- [ RunTime:0.000434s ]
INFO: [ documentDetailAfter ] --START--
SQL: SHOW COLUMNS FROM `o1t1_attachment` [ RunTime:0.0021s ]
SQL: SELECT `id`,`uid`,`title`,`type`,`source`,`record_id`,`download`,`size`,`dir`,`sort`,`create_time`,`update_time`,`status` FROM `o1t1_attachment` WHERE `record_id` = 75 AND `status` = 1  [ RunTime:0.0002s ]
INFO: Run Addons\Attachment\AttachmentAddon [ RunTime:0.004950s ]
SQL: SHOW COLUMNS FROM `o1t1_addons` [ RunTime:0.0141s ]
SQL: SELECT `config` FROM `o1t1_addons` WHERE `name` = 'SocialComment' AND `status` = 1 LIMIT 1   [ RunTime:0.0002s ]
INFO: [ view_parse ] --START--
INFO: [ template_filter ] --START--
INFO: Run Behavior\ContentReplaceBehavior [ RunTime:0.000062s ]
INFO: [ template_filter ] --END-- [ RunTime:-0.043969s ]
INFO: Run Behavior\ParseTemplateBehavior [ RunTime:0.002404s ]
INFO: [ view_parse ] --END-- [ RunTime:-0.021200s ]
INFO: [ view_filter ] --START--
INFO: Run Behavior\WriteHtmlCacheBehavior [ RunTime:0.000021s ]
INFO: [ view_filter ] --END-- [ RunTime:-0.023243s ]
INFO: Run Addons\SocialComment\SocialCommentAddon [ RunTime:0.018271s ]
INFO: [ documentDetailAfter ] --END-- [ RunTime:0.023326s ]
INFO: Run Behavior\ParseTemplateBehavior [ RunTime:0.002712s ]
INFO: [ view_parse ] --END-- [ RunTime:-0.021200s ]
INFO: [ view_filter ] --START--
INFO: Run Behavior\WriteHtmlCacheBehavior [ RunTime:0.000019s ]
INFO: [ view_filter ] --END-- [ RunTime:-0.023541s ]
INFO: [ app_end ] --START--
INFO: Run Behavior\ShowPageTraceBehavior [ RunTime:0.000608s ]
INFO: [ app_end ] --END-- [ RunTime:0.000680s ]

