[ 2015-11-28T06:10:20+08:00 ] 70.79.76.13 /t114/
INFO: [ app_init ] --START--
INFO: Run Behavior\BuildLiteBehavior [ RunTime:0.000023s ]
INFO: Run Common\Behavior\InitHookBehavior [ RunTime:0.003140s ]
INFO: [ app_init ] --END-- [ RunTime:0.003630s ]
INFO: [ app_begin ] --START--
INFO: Run Behavior\ReadHtmlCacheBehavior [ RunTime:0.000670s ]
INFO: [ app_begin ] --END-- [ RunTime:0.000752s ]
SQL: SHOW COLUMNS FROM `o1t1_config` [ RunTime:0.0022s ]
SQL: SELECT `type`,`name`,`value` FROM `o1t1_config` WHERE `status` = 1  [ RunTime:0.0003s ]
SQL: SHOW COLUMNS FROM `o1t1_cat0s1` [ RunTime:0.0022s ]
SQL: SELECT `id`,`name`,`title`,`pid`,`sort`,`list_row`,`meta_title`,`keywords`,`description`,`template_index`,`template_lists`,`template_detail`,`template_edit`,`model`,`model_sub`,`type`,`link_id`,`allow_publish`,`display`,`reply`,`check`,`reply_model`,`extend`,`create_time`,`update_time`,`status`,`icon`,`groups` FROM `o1t1_cat0s1` WHERE `status` = 1 ORDER BY sort  [ RunTime:0.0004s ]
SQL: SHOW COLUMNS FROM `o1t1_doc0s1` [ RunTime:0.0027s ]
SQL: SELECT `id`,`id0a0`,`uid`,`name`,`title`,`category_id`,`group_id`,`description`,`root`,`pid`,`model_id`,`type`,`position`,`link_id`,`cover_id`,`display`,`deadline`,`attach`,`view`,`comment`,`extend`,`level`,`create_time`,`update_time`,`status`,`id_a0`,`F1`,`F2`,`F3`,`f4`,`F5`,`F6`,`F7`,`F8`,`F9`,`学校介绍`,`F11`,`F12`,`F13`,`F14`,`F15`,`F16`,`热门专业`,`学校设施`,`F19`,`生活信息`,`F21`,`F22`,`留学费用`,`F24`,`F25`,`F26`,`F27`,`F28`,`F29`,`F30`,`F31`,`F32` FROM `o1t1_doc0s1` WHERE `status` = 1 AND `pid` = 0 AND `create_time` < 1448662220 AND ( deadline = 0 OR deadline > 1448662220 ) ORDER BY `id` DESC  [ RunTime:0.0042s ]
INFO: [ view_parse ] --START--
INFO: [ template_filter ] --START--
INFO: Run Behavior\ContentReplaceBehavior [ RunTime:0.000127s ]
INFO: [ template_filter ] --END-- [ RunTime:0.000209s ]
SQL: SHOW COLUMNS FROM `o1t1_channel` [ RunTime:0.0143s ]
SQL: SELECT `id`,`pid`,`title`,`url`,`sort`,`create_time`,`update_time`,`status`,`target` FROM `o1t1_channel` WHERE ( status=1 ) ORDER BY sort  [ RunTime:0.0003s ]
SQL: SELECT `id`,`name`,`title`,`pid`,`sort`,`list_row`,`meta_title`,`keywords`,`description`,`template_index`,`template_lists`,`template_detail`,`template_edit`,`model`,`model_sub`,`type`,`link_id`,`allow_publish`,`display`,`reply`,`check`,`reply_model`,`extend`,`create_time`,`update_time`,`status`,`icon`,`groups` FROM `o1t1_cat0s1` WHERE `id` = 1 LIMIT 1   [ RunTime:0.0003s ]
SQL: SELECT `id`,`name`,`pid`,`title`,`link_id` FROM `o1t1_cat0s1` WHERE `status` = 1 ORDER BY sort  [ RunTime:0.0002s ]
INFO: [ view_parse ] --START--
INFO: [ template_filter ] --START--
INFO: Run Behavior\ContentReplaceBehavior [ RunTime:0.000056s ]
INFO: [ template_filter ] --END-- [ RunTime:-0.021714s ]
INFO: Run Behavior\ParseTemplateBehavior [ RunTime:0.003630s ]
INFO: [ view_parse ] --END-- [ RunTime:0.003710s ]
INFO: [ view_filter ] --START--
INFO: Run Behavior\WriteHtmlCacheBehavior [ RunTime:0.000470s ]
INFO: [ view_filter ] --END-- [ RunTime:0.000546s ]
SQL: SELECT `id`,`name`,`title`,`pid`,`sort`,`list_row`,`meta_title`,`keywords`,`description`,`template_index`,`template_lists`,`template_detail`,`template_edit`,`model`,`model_sub`,`type`,`link_id`,`allow_publish`,`display`,`reply`,`check`,`reply_model`,`extend`,`create_time`,`update_time`,`status`,`icon`,`groups` FROM `o1t1_cat0s1` WHERE `id` = 1 LIMIT 1   [ RunTime:0.0084s ]
SQL: SELECT `id`,`name`,`pid`,`title`,`link_id` FROM `o1t1_cat0s1` WHERE `status` = 1 ORDER BY sort  [ RunTime:0.0002s ]
SQL: SELECT `id`,`id0a0`,`uid`,`name`,`title`,`category_id`,`group_id`,`description`,`root`,`pid`,`model_id`,`type`,`position`,`link_id`,`cover_id`,`display`,`deadline`,`attach`,`view`,`comment`,`extend`,`level`,`create_time`,`update_time`,`status`,`id_a0`,`F1`,`F2`,`F3`,`f4`,`F5`,`F6`,`F7`,`F8`,`F9`,`学校介绍`,`F11`,`F12`,`F13`,`F14`,`F15`,`F16`,`热门专业`,`学校设施`,`F19`,`生活信息`,`F21`,`F22`,`留学费用`,`F24`,`F25`,`F26`,`F27`,`F28`,`F29`,`F30`,`F31`,`F32` FROM `o1t1_doc0s1` WHERE `status` = 1 AND `pid` = 0 AND `category_id` IN ('1','10','20','30','40') AND `create_time` < 1448662220 AND ( deadline = 0 OR deadline > 1448662220 ) ORDER BY `level` DESC,`id` DESC LIMIT 0,10   [ RunTime:0.0013s ]
INFO: Run Behavior\ParseTemplateBehavior [ RunTime:0.017729s ]
INFO: [ view_parse ] --END-- [ RunTime:0.003710s ]
INFO: [ view_filter ] --START--
INFO: Run Behavior\WriteHtmlCacheBehavior [ RunTime:0.000019s ]
INFO: [ view_filter ] --END-- [ RunTime:-0.013544s ]
INFO: [ app_end ] --START--
INFO: Run Behavior\ShowPageTraceBehavior [ RunTime:0.000721s ]
INFO: [ app_end ] --END-- [ RunTime:0.000798s ]

