[ 2015-11-29T00:09:21+08:00 ] 66.249.79.159 /t114/index.php?s=
INFO: [ app_init ] --START--
INFO: Run Behavior\BuildLiteBehavior [ RunTime:0.000023s ]
INFO: Run Common\Behavior\InitHookBehavior [ RunTime:0.010549s ]
INFO: [ app_init ] --END-- [ RunTime:0.011040s ]
INFO: [ app_begin ] --START--
INFO: Run Behavior\ReadHtmlCacheBehavior [ RunTime:0.000672s ]
INFO: [ app_begin ] --END-- [ RunTime:0.000755s ]
SQL: SHOW COLUMNS FROM `o1t1_config` [ RunTime:0.0104s ]
SQL: SELECT `type`,`name`,`value` FROM `o1t1_config` WHERE `status` = 1  [ RunTime:0.0003s ]
SQL: SHOW COLUMNS FROM `o1t1_cat0s1` [ RunTime:0.0022s ]
SQL: SELECT `id`,`name`,`title`,`pid`,`sort`,`list_row`,`meta_title`,`keywords`,`description`,`template_index`,`template_lists`,`template_detail`,`template_edit`,`model`,`model_sub`,`type`,`link_id`,`allow_publish`,`display`,`reply`,`check`,`reply_model`,`extend`,`create_time`,`update_time`,`status`,`icon`,`groups` FROM `o1t1_cat0s1` WHERE `status` = 1 ORDER BY sort  [ RunTime:0.0004s ]
SQL: SHOW COLUMNS FROM `o1t1_doc0s1` [ RunTime:0.0027s ]
SQL: SELECT `id`,`id0a0`,`uid`,`name`,`title`,`category_id`,`group_id`,`description`,`root`,`pid`,`model_id`,`type`,`position`,`link_id`,`cover_id`,`display`,`deadline`,`attach`,`view`,`comment`,`extend`,`level`,`create_time`,`update_time`,`status`,`id_a0`,`F1`,`F2`,`F3`,`f4`,`F5`,`F6`,`F7`,`F8`,`F9`,`学校介绍`,`F11`,`F12`,`F13`,`F14`,`F15`,`F16`,`热门专业`,`学校设施`,`F19`,`生活信息`,`F21`,`F22`,`留学费用`,`F24`,`F25`,`F26`,`F27`,`F28`,`F29`,`F30`,`F31`,`F32` FROM `o1t1_doc0s1` WHERE `status` = 1 AND `pid` = 0 AND `create_time` < 1448726961 AND ( deadline = 0 OR deadline > 1448726961 ) ORDER BY `id` DESC  [ RunTime:0.0166s ]
INFO: [ view_parse ] --START--
INFO: [ template_filter ] --START--
INFO: Run Behavior\ContentReplaceBehavior [ RunTime:0.000126s ]
INFO: [ template_filter ] --END-- [ RunTime:0.000208s ]
SQL: SHOW COLUMNS FROM `o1t1_channel` [ RunTime:0.0020s ]
SQL: SELECT `id`,`pid`,`title`,`url`,`sort`,`create_time`,`update_time`,`status`,`target` FROM `o1t1_channel` WHERE ( status=1 ) ORDER BY sort  [ RunTime:0.0003s ]
SQL: SELECT `id`,`name`,`title`,`pid`,`sort`,`list_row`,`meta_title`,`keywords`,`description`,`template_index`,`template_lists`,`template_detail`,`template_edit`,`model`,`model_sub`,`type`,`link_id`,`allow_publish`,`display`,`reply`,`check`,`reply_model`,`extend`,`create_time`,`update_time`,`status`,`icon`,`groups` FROM `o1t1_cat0s1` WHERE `id` = 1 LIMIT 1   [ RunTime:0.0003s ]
SQL: SELECT `id`,`name`,`pid`,`title`,`link_id` FROM `o1t1_cat0s1` WHERE `status` = 1 ORDER BY sort  [ RunTime:0.0002s ]
INFO: [ view_parse ] --START--
INFO: [ template_filter ] --START--
INFO: Run Behavior\ContentReplaceBehavior [ RunTime:0.000056s ]
INFO: [ template_filter ] --END-- [ RunTime:-0.017977s ]
INFO: Run Behavior\ParseTemplateBehavior [ RunTime:0.003611s ]
INFO: [ view_parse ] --END-- [ RunTime:0.003690s ]
INFO: [ view_filter ] --START--
INFO: Run Behavior\WriteHtmlCacheBehavior [ RunTime:0.000467s ]
INFO: [ view_filter ] --END-- [ RunTime:0.000539s ]
SQL: SELECT `id`,`name`,`title`,`pid`,`sort`,`list_row`,`meta_title`,`keywords`,`description`,`template_index`,`template_lists`,`template_detail`,`template_edit`,`model`,`model_sub`,`type`,`link_id`,`allow_publish`,`display`,`reply`,`check`,`reply_model`,`extend`,`create_time`,`update_time`,`status`,`icon`,`groups` FROM `o1t1_cat0s1` WHERE `id` = 1 LIMIT 1   [ RunTime:0.0003s ]
SQL: SELECT `id`,`name`,`pid`,`title`,`link_id` FROM `o1t1_cat0s1` WHERE `status` = 1 ORDER BY sort  [ RunTime:0.0002s ]
SQL: SELECT `id`,`id0a0`,`uid`,`name`,`title`,`category_id`,`group_id`,`description`,`root`,`pid`,`model_id`,`type`,`position`,`link_id`,`cover_id`,`display`,`deadline`,`attach`,`view`,`comment`,`extend`,`level`,`create_time`,`update_time`,`status`,`id_a0`,`F1`,`F2`,`F3`,`f4`,`F5`,`F6`,`F7`,`F8`,`F9`,`学校介绍`,`F11`,`F12`,`F13`,`F14`,`F15`,`F16`,`热门专业`,`学校设施`,`F19`,`生活信息`,`F21`,`F22`,`留学费用`,`F24`,`F25`,`F26`,`F27`,`F28`,`F29`,`F30`,`F31`,`F32` FROM `o1t1_doc0s1` WHERE `status` = 1 AND `pid` = 0 AND `category_id` IN ('1','10','20','30','40') AND `create_time` < 1448726961 AND ( deadline = 0 OR deadline > 1448726961 ) ORDER BY `level` DESC,`id` DESC LIMIT 0,10   [ RunTime:0.0014s ]
INFO: Run Behavior\ParseTemplateBehavior [ RunTime:0.018987s ]
INFO: [ view_parse ] --END-- [ RunTime:0.003690s ]
INFO: [ view_filter ] --START--
INFO: Run Behavior\WriteHtmlCacheBehavior [ RunTime:0.000020s ]
INFO: [ view_filter ] --END-- [ RunTime:-0.014825s ]
INFO: [ app_end ] --START--
INFO: Run Behavior\ShowPageTraceBehavior [ RunTime:0.000739s ]
INFO: [ app_end ] --END-- [ RunTime:0.000818s ]

[ 2015-11-29T03:07:09+08:00 ] 66.249.79.159 /t114/index.php?s=/Home/Article/lists/category/name_TeseYuanxiao.html
INFO: [ app_init ] --START--
INFO: Run Behavior\BuildLiteBehavior [ RunTime:0.000025s ]
INFO: Run Common\Behavior\InitHookBehavior [ RunTime:0.002449s ]
INFO: [ app_init ] --END-- [ RunTime:0.002943s ]
INFO: [ app_begin ] --START--
INFO: Run Behavior\ReadHtmlCacheBehavior [ RunTime:0.000665s ]
INFO: [ app_begin ] --END-- [ RunTime:0.000748s ]
SQL: SHOW COLUMNS FROM `o1t1_config` [ RunTime:0.0022s ]
SQL: SELECT `type`,`name`,`value` FROM `o1t1_config` WHERE `status` = 1  [ RunTime:0.0003s ]
SQL: SHOW COLUMNS FROM `o1t1_cat0s1` [ RunTime:0.0022s ]
SQL: SELECT `id`,`name`,`title`,`pid`,`sort`,`list_row`,`meta_title`,`keywords`,`description`,`template_index`,`template_lists`,`template_detail`,`template_edit`,`model`,`model_sub`,`type`,`link_id`,`allow_publish`,`display`,`reply`,`check`,`reply_model`,`extend`,`create_time`,`update_time`,`status`,`icon`,`groups` FROM `o1t1_cat0s1` WHERE `name` = 'name_TeseYuanxiao' LIMIT 1   [ RunTime:0.0003s ]
SQL: SHOW COLUMNS FROM `o1t1_doc0s1` [ RunTime:0.0027s ]
SQL: SELECT `id`,`id0a0`,`uid`,`name`,`title`,`category_id`,`group_id`,`description`,`root`,`pid`,`model_id`,`type`,`position`,`link_id`,`cover_id`,`display`,`deadline`,`attach`,`view`,`comment`,`extend`,`level`,`create_time`,`update_time`,`status`,`id_a0`,`F1`,`F2`,`F3`,`f4`,`F5`,`F6`,`F7`,`F8`,`F9`,`学校介绍`,`F11`,`F12`,`F13`,`F14`,`F15`,`F16`,`热门专业`,`学校设施`,`F19`,`生活信息`,`F21`,`F22`,`留学费用`,`F24`,`F25`,`F26`,`F27`,`F28`,`F29`,`F30`,`F31`,`F32` FROM `o1t1_doc0s1` WHERE `status` = 1 AND `pid` = 0 AND `category_id` = 40 AND `create_time` < 1448737629 AND ( deadline = 0 OR deadline > 1448737629 ) ORDER BY `id` DESC LIMIT 0,10   [ RunTime:0.0020s ]
INFO: [ view_parse ] --START--
INFO: [ template_filter ] --START--
INFO: Run Behavior\ContentReplaceBehavior [ RunTime:0.000127s ]
INFO: [ template_filter ] --END-- [ RunTime:0.000227s ]
SQL: SHOW COLUMNS FROM `o1t1_channel` [ RunTime:0.0022s ]
SQL: SELECT `id`,`pid`,`title`,`url`,`sort`,`create_time`,`update_time`,`status`,`target` FROM `o1t1_channel` WHERE ( status=1 ) ORDER BY sort  [ RunTime:0.0003s ]
SQL: SELECT `pid` FROM `o1t1_cat0s1` WHERE `id` = 40 LIMIT 1   [ RunTime:0.0002s ]
SQL: SELECT `id`,`name`,`pid`,`title`,`link_id` FROM `o1t1_cat0s1` WHERE `pid` = 1 AND `status` = 1 ORDER BY sort  [ RunTime:0.0003s ]
INFO: [ view_parse ] --START--
INFO: [ template_filter ] --START--
INFO: Run Behavior\ContentReplaceBehavior [ RunTime:0.000055s ]
INFO: [ template_filter ] --END-- [ RunTime:-0.017743s ]
INFO: Run Behavior\ParseTemplateBehavior [ RunTime:0.003565s ]
INFO: [ view_parse ] --END-- [ RunTime:0.003644s ]
INFO: [ view_filter ] --START--
INFO: Run Behavior\WriteHtmlCacheBehavior [ RunTime:0.000457s ]
INFO: [ view_filter ] --END-- [ RunTime:0.000531s ]
SQL: SELECT COUNT(id) AS tp_count FROM `o1t1_doc0s1` WHERE `status` = 1 AND `pid` = 0 AND `category_id` = 40 AND `create_time` < 1448737629 AND ( deadline = 0 OR deadline > 1448737629 ) LIMIT 1   [ RunTime:0.0008s ]
INFO: Run Behavior\ParseTemplateBehavior [ RunTime:0.005920s ]
INFO: [ view_parse ] --END-- [ RunTime:0.003644s ]
INFO: [ view_filter ] --START--
INFO: Run Behavior\WriteHtmlCacheBehavior [ RunTime:0.000019s ]
INFO: [ view_filter ] --END-- [ RunTime:-0.001807s ]
INFO: [ app_end ] --START--
INFO: Run Behavior\ShowPageTraceBehavior [ RunTime:0.000734s ]
INFO: [ app_end ] --END-- [ RunTime:0.000810s ]

[ 2015-11-29T07:33:22+08:00 ] 66.249.79.159 /t114/
INFO: [ app_init ] --START--
INFO: Run Behavior\BuildLiteBehavior [ RunTime:0.000022s ]
INFO: Run Common\Behavior\InitHookBehavior [ RunTime:0.002308s ]
INFO: [ app_init ] --END-- [ RunTime:0.002741s ]
INFO: [ app_begin ] --START--
INFO: Run Behavior\ReadHtmlCacheBehavior [ RunTime:0.000703s ]
INFO: [ app_begin ] --END-- [ RunTime:0.000786s ]
SQL: SHOW COLUMNS FROM `o1t1_config` [ RunTime:0.0112s ]
SQL: SELECT `type`,`name`,`value` FROM `o1t1_config` WHERE `status` = 1  [ RunTime:0.0004s ]
SQL: SHOW COLUMNS FROM `o1t1_cat0s1` [ RunTime:0.0024s ]
SQL: SELECT `id`,`name`,`title`,`pid`,`sort`,`list_row`,`meta_title`,`keywords`,`description`,`template_index`,`template_lists`,`template_detail`,`template_edit`,`model`,`model_sub`,`type`,`link_id`,`allow_publish`,`display`,`reply`,`check`,`reply_model`,`extend`,`create_time`,`update_time`,`status`,`icon`,`groups` FROM `o1t1_cat0s1` WHERE `status` = 1 ORDER BY sort  [ RunTime:0.0085s ]
SQL: SHOW COLUMNS FROM `o1t1_doc0s1` [ RunTime:0.0028s ]
SQL: SELECT `id`,`id0a0`,`uid`,`name`,`title`,`category_id`,`group_id`,`description`,`root`,`pid`,`model_id`,`type`,`position`,`link_id`,`cover_id`,`display`,`deadline`,`attach`,`view`,`comment`,`extend`,`level`,`create_time`,`update_time`,`status`,`id_a0`,`F1`,`F2`,`F3`,`f4`,`F5`,`F6`,`F7`,`F8`,`F9`,`学校介绍`,`F11`,`F12`,`F13`,`F14`,`F15`,`F16`,`热门专业`,`学校设施`,`F19`,`生活信息`,`F21`,`F22`,`留学费用`,`F24`,`F25`,`F26`,`F27`,`F28`,`F29`,`F30`,`F31`,`F32` FROM `o1t1_doc0s1` WHERE `status` = 1 AND `pid` = 0 AND `create_time` < 1448753602 AND ( deadline = 0 OR deadline > 1448753602 ) ORDER BY `id` DESC  [ RunTime:0.0043s ]
INFO: [ view_parse ] --START--
INFO: [ template_filter ] --START--
INFO: Run Behavior\ContentReplaceBehavior [ RunTime:0.000130s ]
INFO: [ template_filter ] --END-- [ RunTime:0.000217s ]
SQL: SHOW COLUMNS FROM `o1t1_channel` [ RunTime:0.0149s ]
SQL: SELECT `id`,`pid`,`title`,`url`,`sort`,`create_time`,`update_time`,`status`,`target` FROM `o1t1_channel` WHERE ( status=1 ) ORDER BY sort  [ RunTime:0.0003s ]
SQL: SELECT `id`,`name`,`title`,`pid`,`sort`,`list_row`,`meta_title`,`keywords`,`description`,`template_index`,`template_lists`,`template_detail`,`template_edit`,`model`,`model_sub`,`type`,`link_id`,`allow_publish`,`display`,`reply`,`check`,`reply_model`,`extend`,`create_time`,`update_time`,`status`,`icon`,`groups` FROM `o1t1_cat0s1` WHERE `id` = 1 LIMIT 1   [ RunTime:0.0003s ]
SQL: SELECT `id`,`name`,`pid`,`title`,`link_id` FROM `o1t1_cat0s1` WHERE `status` = 1 ORDER BY sort  [ RunTime:0.0003s ]
INFO: [ view_parse ] --START--
INFO: [ template_filter ] --START--
INFO: Run Behavior\ContentReplaceBehavior [ RunTime:0.000058s ]
INFO: [ template_filter ] --END-- [ RunTime:-0.022812s ]
INFO: Run Behavior\ParseTemplateBehavior [ RunTime:0.011713s ]
INFO: [ view_parse ] --END-- [ RunTime:0.011792s ]
INFO: [ view_filter ] --START--
INFO: Run Behavior\WriteHtmlCacheBehavior [ RunTime:0.000479s ]
INFO: [ view_filter ] --END-- [ RunTime:0.000549s ]
SQL: SELECT `id`,`name`,`title`,`pid`,`sort`,`list_row`,`meta_title`,`keywords`,`description`,`template_index`,`template_lists`,`template_detail`,`template_edit`,`model`,`model_sub`,`type`,`link_id`,`allow_publish`,`display`,`reply`,`check`,`reply_model`,`extend`,`create_time`,`update_time`,`status`,`icon`,`groups` FROM `o1t1_cat0s1` WHERE `id` = 1 LIMIT 1   [ RunTime:0.0003s ]
SQL: SELECT `id`,`name`,`pid`,`title`,`link_id` FROM `o1t1_cat0s1` WHERE `status` = 1 ORDER BY sort  [ RunTime:0.0002s ]
SQL: SELECT `id`,`id0a0`,`uid`,`name`,`title`,`category_id`,`group_id`,`description`,`root`,`pid`,`model_id`,`type`,`position`,`link_id`,`cover_id`,`display`,`deadline`,`attach`,`view`,`comment`,`extend`,`level`,`create_time`,`update_time`,`status`,`id_a0`,`F1`,`F2`,`F3`,`f4`,`F5`,`F6`,`F7`,`F8`,`F9`,`学校介绍`,`F11`,`F12`,`F13`,`F14`,`F15`,`F16`,`热门专业`,`学校设施`,`F19`,`生活信息`,`F21`,`F22`,`留学费用`,`F24`,`F25`,`F26`,`F27`,`F28`,`F29`,`F30`,`F31`,`F32` FROM `o1t1_doc0s1` WHERE `status` = 1 AND `pid` = 0 AND `category_id` IN ('1','10','20','30','40') AND `create_time` < 1448753602 AND ( deadline = 0 OR deadline > 1448753602 ) ORDER BY `level` DESC,`id` DESC LIMIT 0,10   [ RunTime:0.0014s ]
INFO: Run Behavior\ParseTemplateBehavior [ RunTime:0.017964s ]
INFO: [ view_parse ] --END-- [ RunTime:0.011792s ]
INFO: [ view_filter ] --START--
INFO: Run Behavior\WriteHtmlCacheBehavior [ RunTime:0.000022s ]
INFO: [ view_filter ] --END-- [ RunTime:-0.005691s ]
INFO: [ app_end ] --START--
INFO: Run Behavior\ShowPageTraceBehavior [ RunTime:0.000755s ]
INFO: [ app_end ] --END-- [ RunTime:0.000833s ]

