[ 2015-11-13T02:32:46+08:00 ] 66.249.79.166 /t114/index.php?s=/Home/Article/detail/id/4.html
INFO: [ app_init ] --START--
INFO: Run Behavior\BuildLiteBehavior [ RunTime:0.000023s ]
INFO: Run Common\Behavior\InitHookBehavior [ RunTime:0.002335s ]
INFO: [ app_init ] --END-- [ RunTime:0.002773s ]
INFO: [ app_begin ] --START--
INFO: Run Behavior\ReadHtmlCacheBehavior [ RunTime:0.000674s ]
INFO: [ app_begin ] --END-- [ RunTime:0.000755s ]
SQL: SHOW COLUMNS FROM `o1t1_config` [ RunTime:0.0022s ]
SQL: SELECT `type`,`name`,`value` FROM `o1t1_config` WHERE `status` = 1  [ RunTime:0.0003s ]
ERR: SQLSTATE[42S02]: Base table or view not found: 1146 Table 't114.o1t1_doc0s1_a1' doesn't exist

[ 2015-11-13T13:01:56+08:00 ] 66.249.79.166 /t114/index.php?s=/Home/Article/detail/id/5.html
INFO: [ app_init ] --START--
INFO: Run Behavior\BuildLiteBehavior [ RunTime:0.000022s ]
INFO: Run Common\Behavior\InitHookBehavior [ RunTime:0.001872s ]
INFO: [ app_init ] --END-- [ RunTime:0.002318s ]
INFO: [ app_begin ] --START--
INFO: Run Behavior\ReadHtmlCacheBehavior [ RunTime:0.000590s ]
INFO: [ app_begin ] --END-- [ RunTime:0.000674s ]
SQL: SHOW COLUMNS FROM `o1t1_config` [ RunTime:0.0064s ]
SQL: SELECT `type`,`name`,`value` FROM `o1t1_config` WHERE `status` = 1  [ RunTime:0.0003s ]
ERR: SQLSTATE[42S02]: Base table or view not found: 1146 Table 't114.o1t1_doc0s1_a1' doesn't exist

[ 2015-11-13T15:11:16+08:00 ] 66.249.79.173 /t114/index.php?s=/Home/Article/detail/id/1.html
INFO: [ app_init ] --START--
INFO: Run Behavior\BuildLiteBehavior [ RunTime:0.000023s ]
INFO: Run Common\Behavior\InitHookBehavior [ RunTime:0.002395s ]
INFO: [ app_init ] --END-- [ RunTime:0.002861s ]
INFO: [ app_begin ] --START--
INFO: Run Behavior\ReadHtmlCacheBehavior [ RunTime:0.000590s ]
INFO: [ app_begin ] --END-- [ RunTime:0.000673s ]
SQL: SHOW COLUMNS FROM `o1t1_config` [ RunTime:0.0111s ]
SQL: SELECT `type`,`name`,`value` FROM `o1t1_config` WHERE `status` = 1  [ RunTime:0.0004s ]
ERR: SQLSTATE[42S02]: Base table or view not found: 1146 Table 't114.o1t1_doc0s1_a1' doesn't exist

